Log file open, 11/12/21 15:56:13
LogWindows: Failed to load 'aqProf.dll' (GetLastError=126)
LogWindows: File 'aqProf.dll' does not exist
LogWindows: Failed to load 'VtuneApi.dll' (GetLastError=126)
LogWindows: File 'VtuneApi.dll' does not exist
LogWindows: Failed to load 'VtuneApi32e.dll' (GetLastError=126)
LogWindows: File 'VtuneApi32e.dll' does not exist
LogConsoleResponse: Display: Failed to find resolution value strings in scalability ini. Falling back to default.
LogConsoleResponse: Display: Failed to find resolution value strings in scalability ini. Falling back to default.
LogInit: Display: Running engine for game: CS196_Project
LogPlatformFile: Not using cached read wrapper
LogTaskGraph: Started task graph with 5 named threads and 20 total threads with 3 sets of task threads.
LogStats: Stats thread started at 0.256160
LogICUInternationalization: ICU TimeZone Detection - Raw Offset: -6:00, Platform Override: ''
LogInit: Display: Loading text-based GConfig....
LogPluginManager: Mounting plugin MeshPainting
LogPluginManager: Mounting plugin XGEController
LogPluginManager: Mounting plugin Paper2D
LogPluginManager: Mounting plugin LiveLink
LogPluginManager: Mounting plugin LightPropagationVolume
LogPluginManager: Mounting plugin AISupport
LogPluginManager: Mounting plugin EnvironmentQueryEditor
LogPluginManager: Mounting plugin CameraShakePreviewer
LogPluginManager: Mounting plugin GameplayCameras
LogPluginManager: Mounting plugin AnimationSharing
LogPluginManager: Mounting plugin CLionSourceCodeAccess
LogPluginManager: Mounting plugin CodeLiteSourceCodeAccess
LogPluginManager: Mounting plugin GitSourceControl
LogPluginManager: Mounting plugin KDevelopSourceCodeAccess
LogPluginManager: Mounting plugin PixWinPlugin
LogPluginManager: Mounting plugin PerforceSourceControl
LogPluginManager: Mounting plugin PluginUtils
LogPluginManager: Mounting plugin PlasticSourceControl
LogPluginManager: Mounting plugin PropertyAccessNode
LogPluginManager: Mounting plugin RiderSourceCodeAccess
LogPluginManager: Mounting plugin SubversionSourceControl
LogPluginManager: Mounting plugin TextureFormatOodle
LogPluginManager: Mounting plugin UObjectPlugin
LogPluginManager: Mounting plugin VisualStudioCodeSourceCodeAccess
LogPluginManager: Mounting plugin VisualStudioSourceCodeAccess
LogPluginManager: Mounting plugin XCodeSourceCodeAccess
LogPluginManager: Mounting plugin NullSourceCodeAccess
LogPluginManager: Mounting plugin DatasmithContent
LogPluginManager: Mounting plugin VariantManagerContent
LogPluginManager: Mounting plugin OodleData
LogPluginManager: Mounting plugin OodleNetwork
LogPluginManager: Mounting plugin AssetManagerEditor
LogPluginManager: Mounting plugin AlembicImporter
LogPluginManager: Mounting plugin AutomationUtils
LogPluginManager: Mounting plugin BackChannel
LogPluginManager: Mounting plugin ChaosCloth
LogPluginManager: Mounting plugin ChaosEditor
LogPluginManager: Mounting plugin ChaosClothEditor
LogPluginManager: Mounting plugin ChaosNiagara
LogPluginManager: Mounting plugin ChaosSolverPlugin
LogPluginManager: Mounting plugin CharacterAI
LogPluginManager: Mounting plugin GeometryCache
LogPluginManager: Mounting plugin GeometryCollectionPlugin
LogPluginManager: Mounting plugin GeometryProcessing
LogPluginManager: Mounting plugin Niagara
LogPluginManager: Mounting plugin MotoSynth
LogPluginManager: Mounting plugin OpenImageDenoise
LogPluginManager: Mounting plugin PlanarCut
LogPluginManager: Mounting plugin PlatformCrypto
LogPluginManager: Mounting plugin ProxyLODPlugin
LogPluginManager: Mounting plugin PythonScriptPlugin
LogPluginManager: Mounting plugin SkeletalReduction
LogPluginManager: Mounting plugin CryptoKeys
LogPluginManager: Mounting plugin CurveEditorTools
LogPluginManager: Mounting plugin DataValidation
LogPluginManager: Mounting plugin FacialAnimation
LogPluginManager: Mounting plugin GameplayTagsEditor
LogPluginManager: Mounting plugin GeometryMode
LogPluginManager: Mounting plugin MacGraphicsSwitching
LogPluginManager: Mounting plugin MaterialAnalyzer
LogPluginManager: Mounting plugin MobileLauncherProfileWizard
LogPluginManager: Mounting plugin PluginBrowser
LogPluginManager: Mounting plugin LuminPlatformFeatures
LogPluginManager: Mounting plugin SpeedTreeImporter
LogPluginManager: Mounting plugin MagicLeap
LogPluginManager: Mounting plugin AndroidMedia
LogPluginManager: Mounting plugin AvfMedia
LogPluginManager: Mounting plugin ImgMedia
LogPluginManager: Mounting plugin MediaCompositing
LogPluginManager: Mounting plugin MagicLeapMedia
LogPluginManager: Mounting plugin MagicLeapLightEstimation
LogPluginManager: Mounting plugin MagicLeapPassableWorld
LogPluginManager: Mounting plugin WebMMedia
LogPluginManager: Mounting plugin WmfMedia
LogPluginManager: Mounting plugin MLSDK
LogPluginManager: Mounting plugin TcpMessaging
LogPluginManager: Mounting plugin UdpMessaging
LogPluginManager: Mounting plugin MatineeToLevelSequence
LogPluginManager: Mounting plugin ActorSequence
LogPluginManager: Mounting plugin TemplateSequence
LogPluginManager: Mounting plugin LauncherChunkInstaller
LogPluginManager: Mounting plugin ActorLayerUtilities
LogPluginManager: Mounting plugin AndroidDeviceProfileSelector
LogPluginManager: Mounting plugin LevelSequenceEditor
LogPluginManager: Mounting plugin MediaPlayerEditor
LogPluginManager: Mounting plugin AndroidPermission
LogPluginManager: Mounting plugin AppleImageUtils
LogPluginManager: Mounting plugin AppleMoviePlayer
LogPluginManager: Mounting plugin AssetTags
LogPluginManager: Mounting plugin ArchVisCharacter
LogPluginManager: Mounting plugin AudioCapture
LogPluginManager: Mounting plugin CableComponent
LogPluginManager: Mounting plugin AudioSynesthesia
LogPluginManager: Mounting plugin ChunkDownloader
LogPluginManager: Mounting plugin AndroidMoviePlayer
LogPluginManager: Mounting plugin CustomMeshComponent
LogPluginManager: Mounting plugin EditableMesh
LogPluginManager: Mounting plugin ExampleDeviceProfileSelector
LogPluginManager: Mounting plugin GoogleCloudMessaging
LogPluginManager: Mounting plugin GooglePAD
LogPluginManager: Mounting plugin OnlineSubsystem
LogPluginManager: Mounting plugin OnlineSubsystemNull
LogPluginManager: Mounting plugin OnlineSubsystemUtils
LogPluginManager: Mounting plugin IOSDeviceProfileSelector
LogPluginManager: Mounting plugin LinuxDeviceProfileSelector
LogPluginManager: Mounting plugin LocationServicesBPLibrary
LogPluginManager: Mounting plugin MobilePatchingUtils
LogPluginManager: Mounting plugin OpenXR
LogPluginManager: Mounting plugin OpenXREyeTracker
LogPluginManager: Mounting plugin OpenXRHandTracking
LogPluginManager: Mounting plugin PhysXVehicles
LogPluginManager: Mounting plugin PostSplashScreen
LogPluginManager: Mounting plugin ProceduralMeshComponent
LogPluginManager: Mounting plugin PropertyAccessEditor
LogPluginManager: Mounting plugin SignificanceManager
LogPluginManager: Mounting plugin RuntimePhysXCooking
LogPluginManager: Mounting plugin SoundFields
LogPluginManager: Mounting plugin WebMMoviePlayer
LogPluginManager: Mounting plugin WindowsMoviePlayer
LogPluginManager: Mounting plugin ScreenshotTools
LogPluginManager: Mounting plugin Synthesis
LogPluginManager: Mounting plugin Takes
LogPluginManager: Mounting plugin ContentBrowserAssetDataSource
LogPluginManager: Mounting plugin ContentBrowserClassDataSource
LogPluginManager: Mounting plugin ContentBrowserFileDataSource
LogPluginManager: Mounting plugin OnlineSubsystemGooglePlay
LogPluginManager: Mounting plugin OnlineSubsystemIOS
LogPluginManager: Mounting plugin OculusVR
LogPluginManager: Mounting plugin SteamVR
PixWinPlugin: PIX capture plugin failed to initialize! Check that the process is launched from PIX.
LogInit: Using libcurl 7.55.1-DEV
LogInit:  - built for x86_64-pc-win32
LogInit:  - supports SSL with OpenSSL/1.1.1
LogInit:  - supports HTTP deflate (compression) using libz 1.2.8
LogInit:  - other features:
LogInit:      CURL_VERSION_SSL
LogInit:      CURL_VERSION_LIBZ
LogInit:      CURL_VERSION_IPV6
LogInit:      CURL_VERSION_ASYNCHDNS
LogInit:      CURL_VERSION_LARGEFILE
LogInit:      CURL_VERSION_IDN
LogInit:  CurlRequestOptions (configurable via config and command line):
LogInit:  - bVerifyPeer = true  - Libcurl will verify peer certificate
LogInit:  - bUseHttpProxy = false  - Libcurl will NOT use HTTP proxy
LogInit:  - bDontReuseConnections = false  - Libcurl will reuse connections
LogInit:  - MaxHostConnections = 16  - Libcurl will limit the number of connections to a host
LogInit:  - LocalHostAddr = Default
LogInit:  - BufferSize = 65536
LogOnline: OSS: Creating online subsystem instance for: NULL
LogInit: WinSock: version 1.1 (2.2), MaxSocks=32767, MaxUdp=65467
LogOnline: OSS: TryLoadSubsystemAndSetDefault: Loaded subsystem for module [NULL]
LogOculusPluginWrapper: OculusPlugin initialized successfully
LogHMD: Failed initializing OVRPlugin 1.59.0
LogInit: Build: ++UE4+Release-4.27-CL-17155196
LogInit: Engine Version: 4.27.0-17155196+++UE4+Release-4.27
LogInit: Compatible Engine Version: 4.27.0-17155196+++UE4+Release-4.27
LogInit: Net CL: 17155196
LogInit: OS: Windows 10 (Release 2009) (), CPU: AMD Ryzen 5 4500U with Radeon Graphics         , GPU: AMD Radeon(TM) Graphics
LogInit: Compiled (64-bit): Aug 13 2021 06:13:13
LogInit: Compiled with Visual C++: 19.24.28315.00
LogInit: Build Configuration: Development
LogInit: Branch Name: ++UE4+Release-4.27
LogInit: Command Line: 
LogInit: Base Directory: C:/Program Files/Epic Games/UE_4.27/Engine/Binaries/Win64/
LogInit: Allocator: TBB
LogInit: Installed Engine Build: 1
LogDevObjectVersion: Number of dev versions registered: 29
LogDevObjectVersion:   Dev-Blueprints (B0D832E4-1F89-4F0D-ACCF-7EB736FD4AA2): 10
LogDevObjectVersion:   Dev-Build (E1C64328-A22C-4D53-A36C-8E866417BD8C): 0
LogDevObjectVersion:   Dev-Core (375EC13C-06E4-48FB-B500-84F0262A717E): 4
LogDevObjectVersion:   Dev-Editor (E4B068ED-F494-42E9-A231-DA0B2E46BB41): 40
LogDevObjectVersion:   Dev-Framework (CFFC743F-43B0-4480-9391-14DF171D2073): 37
LogDevObjectVersion:   Dev-Mobile (B02B49B5-BB20-44E9-A304-32B752E40360): 3
LogDevObjectVersion:   Dev-Networking (A4E4105C-59A1-49B5-A7C5-40C4547EDFEE): 0
LogDevObjectVersion:   Dev-Online (39C831C9-5AE6-47DC-9A44-9C173E1C8E7C): 0
LogDevObjectVersion:   Dev-Physics (78F01B33-EBEA-4F98-B9B4-84EACCB95AA2): 14
LogDevObjectVersion:   Dev-Platform (6631380F-2D4D-43E0-8009-CF276956A95A): 0
LogDevObjectVersion:   Dev-Rendering (12F88B9F-8875-4AFC-A67C-D90C383ABD29): 45
LogDevObjectVersion:   Dev-Sequencer (7B5AE74C-D270-4C10-A958-57980B212A5A): 13
LogDevObjectVersion:   Dev-VR (D7296918-1DD6-4BDD-9DE2-64A83CC13884): 3
LogDevObjectVersion:   Dev-LoadTimes (C2A15278-BFE7-4AFE-6C17-90FF531DF755): 1
LogDevObjectVersion:   Private-Geometry (6EACA3D4-40EC-4CC1-B786-8BED09428FC5): 3
LogDevObjectVersion:   Dev-AnimPhys (29E575DD-E0A3-4627-9D10-D276232CDCEA): 17
LogDevObjectVersion:   Dev-Anim (AF43A65D-7FD3-4947-9873-3E8ED9C1BB05): 15
LogDevObjectVersion:   Dev-ReflectionCapture (6B266CEC-1EC7-4B8F-A30B-E4D90942FC07): 1
LogDevObjectVersion:   Dev-Automation (0DF73D61-A23F-47EA-B727-89E90C41499A): 1
LogDevObjectVersion:   FortniteMain (601D1886-AC64-4F84-AA16-D3DE0DEAC7D6): 47
LogDevObjectVersion:   FortniteRelease (E7086368-6B23-4C58-8439-1B7016265E91): 1
LogDevObjectVersion:   Dev-Enterprise (9DFFBCD6-494F-0158-E221-12823C92A888): 10
LogDevObjectVersion:   Dev-Niagara (F2AED0AC-9AFE-416F-8664-AA7FFA26D6FC): 1
LogDevObjectVersion:   Dev-Destruction (174F1F0B-B4C6-45A5-B13F-2EE8D0FB917D): 10
LogDevObjectVersion:   Dev-Physics-Ext (35F94A83-E258-406C-A318-09F59610247C): 41
LogDevObjectVersion:   Dev-PhysicsMaterial-Chaos (B68FC16E-8B1B-42E2-B453-215C058844FE): 1
LogDevObjectVersion:   Dev-CineCamera (B2E18506-4273-CFC2-A54E-F4BB758BBA07): 1
LogDevObjectVersion:   Dev-VirtualProduction (64F58936-FD1B-42BA-BA96-7289D5D0FA4E): 1
LogDevObjectVersion:   Dev-MediaFramework (6F0ED827-A609-4895-9C91-998D90180EA4): 2
LogInit: Presizing for max 25165824 objects, including 0 objects not considered by GC, pre-allocating 0 bytes for permanent pool.
LogConfig: Applying CVar settings from Section [/Script/Engine.StreamingSettings] File [C:/Users/Manof/OneDrive/Documents/GitHub/Group61-FA21/Project/CS196_Project/Saved/Config/Windows/Engine.ini]
LogConfig: Setting CVar [[s.MinBulkDataSizeForAsyncLoading:131072]]
LogConfig: Setting CVar [[s.AsyncLoadingThreadEnabled:0]]
LogConfig: Setting CVar [[s.EventDrivenLoaderEnabled:1]]
LogConfig: Setting CVar [[s.WarnIfTimeLimitExceeded:0]]
LogConfig: Setting CVar [[s.TimeLimitExceededMultiplier:1.5]]
LogConfig: Setting CVar [[s.TimeLimitExceededMinTime:0.005]]
LogConfig: Setting CVar [[s.UseBackgroundLevelStreaming:1]]
LogConfig: Setting CVar [[s.PriorityAsyncLoadingExtraTime:15.0]]
LogConfig: Setting CVar [[s.LevelStreamingActorsUpdateTimeLimit:5.0]]
LogConfig: Setting CVar [[s.PriorityLevelStreamingActorsUpdateExtraTime:5.0]]
LogConfig: Setting CVar [[s.LevelStreamingComponentsRegistrationGranularity:10]]
LogConfig: Setting CVar [[s.UnregisterComponentsTimeLimit:1.0]]
LogConfig: Setting CVar [[s.LevelStreamingComponentsUnregistrationGranularity:5]]
LogConfig: Setting CVar [[s.FlushStreamingOnExit:1]]
LogInit: Object subsystem initialized
LogConfig: Setting CVar [[con.DebugEarlyDefault:1]]
LogConfig: Setting CVar [[r.setres:1280x720]]
[2021.11.12-21.56.14:236][  0]LogConfig: Setting CVar [[r.VSync:0]]
[2021.11.12-21.56.14:236][  0]LogConfig: Setting CVar [[r.RHICmdBypass:0]]
[2021.11.12-21.56.14:236][  0]LogConfig: Applying CVar settings from Section [/Script/Engine.RendererSettings] File [C:/Users/Manof/OneDrive/Documents/GitHub/Group61-FA21/Project/CS196_Project/Saved/Config/Windows/Engine.ini]
[2021.11.12-21.56.14:236][  0]LogConfig: Setting CVar [[r.GPUCrashDebugging:0]]
[2021.11.12-21.56.14:236][  0]LogConfig: Applying CVar settings from Section [/Script/Engine.RendererOverrideSettings] File [C:/Users/Manof/OneDrive/Documents/GitHub/Group61-FA21/Project/CS196_Project/Saved/Config/Windows/Engine.ini]
[2021.11.12-21.56.14:236][  0]LogConfig: Applying CVar settings from Section [/Script/Engine.StreamingSettings] File [C:/Users/Manof/OneDrive/Documents/GitHub/Group61-FA21/Project/CS196_Project/Saved/Config/Windows/Engine.ini]
[2021.11.12-21.56.14:236][  0]LogConfig: Setting CVar [[s.MinBulkDataSizeForAsyncLoading:131072]]
[2021.11.12-21.56.14:236][  0]LogConfig: Setting CVar [[s.AsyncLoadingThreadEnabled:0]]
[2021.11.12-21.56.14:236][  0]LogConfig: Setting CVar [[s.EventDrivenLoaderEnabled:1]]
[2021.11.12-21.56.14:236][  0]LogConfig: Setting CVar [[s.WarnIfTimeLimitExceeded:0]]
[2021.11.12-21.56.14:236][  0]LogConfig: Setting CVar [[s.TimeLimitExceededMultiplier:1.5]]
[2021.11.12-21.56.14:236][  0]LogConfig: Setting CVar [[s.TimeLimitExceededMinTime:0.005]]
[2021.11.12-21.56.14:236][  0]LogConfig: Setting CVar [[s.UseBackgroundLevelStreaming:1]]
[2021.11.12-21.56.14:236][  0]LogConfig: Setting CVar [[s.PriorityAsyncLoadingExtraTime:15.0]]
[2021.11.12-21.56.14:236][  0]LogConfig: Setting CVar [[s.LevelStreamingActorsUpdateTimeLimit:5.0]]
[2021.11.12-21.56.14:236][  0]LogConfig: Setting CVar [[s.PriorityLevelStreamingActorsUpdateExtraTime:5.0]]
[2021.11.12-21.56.14:236][  0]LogConfig: Setting CVar [[s.LevelStreamingComponentsRegistrationGranularity:10]]
[2021.11.12-21.56.14:236][  0]LogConfig: Setting CVar [[s.UnregisterComponentsTimeLimit:1.0]]
[2021.11.12-21.56.14:236][  0]LogConfig: Setting CVar [[s.LevelStreamingComponentsUnregistrationGranularity:5]]
[2021.11.12-21.56.14:236][  0]LogConfig: Setting CVar [[s.FlushStreamingOnExit:1]]
[2021.11.12-21.56.14:236][  0]LogConfig: Applying CVar settings from Section [/Script/Engine.GarbageCollectionSettings] File [C:/Users/Manof/OneDrive/Documents/GitHub/Group61-FA21/Project/CS196_Project/Saved/Config/Windows/Engine.ini]
[2021.11.12-21.56.14:236][  0]LogConfig: Setting CVar [[gc.MaxObjectsNotConsideredByGC:1]]
[2021.11.12-21.56.14:236][  0]LogConfig: Setting CVar [[gc.SizeOfPermanentObjectPool:0]]
[2021.11.12-21.56.14:236][  0]LogConfig: Setting CVar [[gc.FlushStreamingOnGC:0]]
[2021.11.12-21.56.14:236][  0]LogConfig: Setting CVar [[gc.NumRetriesBeforeForcingGC:10]]
[2021.11.12-21.56.14:236][  0]LogConfig: Setting CVar [[gc.AllowParallelGC:1]]
[2021.11.12-21.56.14:236][  0]LogConfig: Setting CVar [[gc.TimeBetweenPurgingPendingKillObjects:61.1]]
[2021.11.12-21.56.14:236][  0]LogConfig: Setting CVar [[gc.MaxObjectsInEditor:25165824]]
[2021.11.12-21.56.14:236][  0]LogConfig: Setting CVar [[gc.IncrementalBeginDestroyEnabled:1]]
[2021.11.12-21.56.14:236][  0]LogConfig: Setting CVar [[gc.CreateGCClusters:1]]
[2021.11.12-21.56.14:236][  0]LogConfig: Setting CVar [[gc.MinGCClusterSize:5]]
[2021.11.12-21.56.14:236][  0]LogConfig: Setting CVar [[gc.ActorClusteringEnabled:0]]
[2021.11.12-21.56.14:236][  0]LogConfig: Setting CVar [[gc.BlueprintClusteringEnabled:0]]
[2021.11.12-21.56.14:236][  0]LogConfig: Setting CVar [[gc.UseDisregardForGCOnDedicatedServers:0]]
[2021.11.12-21.56.14:236][  0]LogConfig: Setting CVar [[gc.MultithreadedDestructionEnabled:1]]
[2021.11.12-21.56.14:236][  0]LogConfig: Applying CVar settings from Section [/Script/Engine.NetworkSettings] File [C:/Users/Manof/OneDrive/Documents/GitHub/Group61-FA21/Project/CS196_Project/Saved/Config/Windows/Engine.ini]
[2021.11.12-21.56.14:236][  0]LogConfig: Applying CVar settings from Section [/Script/UnrealEd.CookerSettings] File [C:/Users/Manof/OneDrive/Documents/GitHub/Group61-FA21/Project/CS196_Project/Saved/Config/Windows/Engine.ini]
[2021.11.12-21.56.14:241][  0]LogConfig: Applying CVar settings from Section [ViewDistanceQuality@3] File [C:/Users/Manof/OneDrive/Documents/GitHub/Group61-FA21/Project/CS196_Project/Saved/Config/Windows/Scalability.ini]
[2021.11.12-21.56.14:241][  0]LogConfig: Setting CVar [[r.SkeletalMeshLODBias:0]]
[2021.11.12-21.56.14:241][  0]LogConfig: Setting CVar [[r.ViewDistanceScale:1.0]]
[2021.11.12-21.56.14:241][  0]LogConfig: Applying CVar settings from Section [AntiAliasingQuality@3] File [C:/Users/Manof/OneDrive/Documents/GitHub/Group61-FA21/Project/CS196_Project/Saved/Config/Windows/Scalability.ini]
[2021.11.12-21.56.14:241][  0]LogConfig: Setting CVar [[r.PostProcessAAQuality:4]]
[2021.11.12-21.56.14:241][  0]LogConfig: Applying CVar settings from Section [ShadowQuality@3] File [C:/Users/Manof/OneDrive/Documents/GitHub/Group61-FA21/Project/CS196_Project/Saved/Config/Windows/Scalability.ini]
[2021.11.12-21.56.14:241][  0]LogConfig: Setting CVar [[r.LightFunctionQuality:1]]
[2021.11.12-21.56.14:241][  0]LogConfig: Setting CVar [[r.ShadowQuality:5]]
[2021.11.12-21.56.14:241][  0]LogConfig: Setting CVar [[r.Shadow.CSM.MaxCascades:10]]
[2021.11.12-21.56.14:241][  0]LogConfig: Setting CVar [[r.Shadow.MaxResolution:2048]]
[2021.11.12-21.56.14:241][  0]LogConfig: Setting CVar [[r.Shadow.MaxCSMResolution:2048]]
[2021.11.12-21.56.14:241][  0]LogConfig: Setting CVar [[r.Shadow.RadiusThreshold:0.01]]
[2021.11.12-21.56.14:241][  0]LogConfig: Setting CVar [[r.Shadow.DistanceScale:1.0]]
[2021.11.12-21.56.14:241][  0]LogConfig: Setting CVar [[r.Shadow.CSM.TransitionScale:1.0]]
[2021.11.12-21.56.14:241][  0]LogConfig: Setting CVar [[r.Shadow.PreShadowResolutionFactor:1.0]]
[2021.11.12-21.56.14:241][  0]LogConfig: Setting CVar [[r.DistanceFieldShadowing:1]]
[2021.11.12-21.56.14:241][  0]LogConfig: Setting CVar [[r.DistanceFieldAO:1]]
[2021.11.12-21.56.14:241][  0]LogConfig: Setting CVar [[r.AOQuality:2]]
[2021.11.12-21.56.14:242][  0]LogConfig: Setting CVar [[r.VolumetricFog:1]]
[2021.11.12-21.56.14:242][  0]LogConfig: Setting CVar [[r.VolumetricFog.GridPixelSize:8]]
[2021.11.12-21.56.14:242][  0]LogConfig: Setting CVar [[r.VolumetricFog.GridSizeZ:128]]
[2021.11.12-21.56.14:242][  0]LogConfig: Setting CVar [[r.VolumetricFog.HistoryMissSupersampleCount:4]]
[2021.11.12-21.56.14:242][  0]LogConfig: Setting CVar [[r.LightMaxDrawDistanceScale:1]]
[2021.11.12-21.56.14:242][  0]LogConfig: Setting CVar [[r.CapsuleShadows:1]]
[2021.11.12-21.56.14:242][  0]LogConfig: Applying CVar settings from Section [PostProcessQuality@3] File [C:/Users/Manof/OneDrive/Documents/GitHub/Group61-FA21/Project/CS196_Project/Saved/Config/Windows/Scalability.ini]
[2021.11.12-21.56.14:242][  0]LogConfig: Setting CVar [[r.MotionBlurQuality:4]]
[2021.11.12-21.56.14:242][  0]LogConfig: Setting CVar [[r.AmbientOcclusionMipLevelFactor:0.4]]
[2021.11.12-21.56.14:242][  0]LogConfig: Setting CVar [[r.AmbientOcclusionMaxQuality:100]]
[2021.11.12-21.56.14:242][  0]LogConfig: Setting CVar [[r.AmbientOcclusionLevels:-1]]
[2021.11.12-21.56.14:242][  0]LogConfig: Setting CVar [[r.AmbientOcclusionRadiusScale:1.0]]
[2021.11.12-21.56.14:242][  0]LogConfig: Setting CVar [[r.DepthOfFieldQuality:2]]
[2021.11.12-21.56.14:242][  0]LogConfig: Setting CVar [[r.RenderTargetPoolMin:400]]
[2021.11.12-21.56.14:242][  0]LogConfig: Setting CVar [[r.LensFlareQuality:2]]
[2021.11.12-21.56.14:242][  0]LogConfig: Setting CVar [[r.SceneColorFringeQuality:1]]
[2021.11.12-21.56.14:242][  0]LogConfig: Setting CVar [[r.EyeAdaptationQuality:2]]
[2021.11.12-21.56.14:242][  0]LogConfig: Setting CVar [[r.BloomQuality:5]]
[2021.11.12-21.56.14:242][  0]LogConfig: Setting CVar [[r.FastBlurThreshold:100]]
[2021.11.12-21.56.14:242][  0]LogConfig: Setting CVar [[r.Upscale.Quality:3]]
[2021.11.12-21.56.14:242][  0]LogConfig: Setting CVar [[r.Tonemapper.GrainQuantization:1]]
[2021.11.12-21.56.14:242][  0]LogConfig: Setting CVar [[r.LightShaftQuality:1]]
[2021.11.12-21.56.14:242][  0]LogConfig: Setting CVar [[r.Filter.SizeScale:1]]
[2021.11.12-21.56.14:242][  0]LogConfig: Setting CVar [[r.Tonemapper.Quality:5]]
[2021.11.12-21.56.14:242][  0]LogConfig: Setting CVar [[r.DOF.Gather.AccumulatorQuality:1        ; higher gathering accumulator quality]]
[2021.11.12-21.56.14:242][  0]LogConfig: Setting CVar [[r.DOF.Gather.PostfilterMethod:1          ; Median3x3 postfilering method]]
[2021.11.12-21.56.14:242][  0]LogConfig: Setting CVar [[r.DOF.Gather.EnableBokehSettings:0       ; no bokeh simulation when gathering]]
[2021.11.12-21.56.14:242][  0]LogConfig: Setting CVar [[r.DOF.Gather.RingCount:4                 ; medium number of samples when gathering]]
[2021.11.12-21.56.14:242][  0]LogConfig: Setting CVar [[r.DOF.Scatter.ForegroundCompositing:1    ; additive foreground scattering]]
[2021.11.12-21.56.14:242][  0]LogConfig: Setting CVar [[r.DOF.Scatter.BackgroundCompositing:2    ; additive background scattering]]
[2021.11.12-21.56.14:242][  0]LogConfig: Setting CVar [[r.DOF.Scatter.EnableBokehSettings:1      ; bokeh simulation when scattering]]
[2021.11.12-21.56.14:242][  0]LogConfig: Setting CVar [[r.DOF.Scatter.MaxSpriteRatio:0.1         ; only a maximum of 10% of scattered bokeh]]
[2021.11.12-21.56.14:242][  0]LogConfig: Setting CVar [[r.DOF.Recombine.Quality:1                ; cheap slight out of focus]]
[2021.11.12-21.56.14:242][  0]LogConfig: Setting CVar [[r.DOF.Recombine.EnableBokehSettings:0    ; no bokeh simulation on slight out of focus]]
[2021.11.12-21.56.14:242][  0]LogConfig: Setting CVar [[r.DOF.TemporalAAQuality:1                ; more stable temporal accumulation]]
[2021.11.12-21.56.14:242][  0]LogConfig: Setting CVar [[r.DOF.Kernel.MaxForegroundRadius:0.025]]
[2021.11.12-21.56.14:242][  0]LogConfig: Setting CVar [[r.DOF.Kernel.MaxBackgroundRadius:0.025]]
[2021.11.12-21.56.14:242][  0]LogConfig: Applying CVar settings from Section [TextureQuality@3] File [C:/Users/Manof/OneDrive/Documents/GitHub/Group61-FA21/Project/CS196_Project/Saved/Config/Windows/Scalability.ini]
[2021.11.12-21.56.14:242][  0]LogConfig: Setting CVar [[r.Streaming.MipBias:0]]
[2021.11.12-21.56.14:242][  0]LogConfig: Setting CVar [[r.Streaming.AmortizeCPUToGPUCopy:0]]
[2021.11.12-21.56.14:242][  0]LogConfig: Setting CVar [[r.Streaming.MaxNumTexturesToStreamPerFrame:0]]
[2021.11.12-21.56.14:242][  0]LogConfig: Setting CVar [[r.Streaming.Boost:1]]
[2021.11.12-21.56.14:242][  0]LogConfig: Setting CVar [[r.MaxAnisotropy:8]]
[2021.11.12-21.56.14:242][  0]LogConfig: Setting CVar [[r.VT.MaxAnisotropy:8]]
[2021.11.12-21.56.14:242][  0]LogConfig: Setting CVar [[r.Streaming.LimitPoolSizeToVRAM:0]]
[2021.11.12-21.56.14:242][  0]LogConfig: Setting CVar [[r.Streaming.PoolSize:1000]]
[2021.11.12-21.56.14:242][  0]LogConfig: Setting CVar [[r.Streaming.MaxEffectiveScreenSize:0]]
[2021.11.12-21.56.14:242][  0]LogConfig: Applying CVar settings from Section [EffectsQuality@3] File [C:/Users/Manof/OneDrive/Documents/GitHub/Group61-FA21/Project/CS196_Project/Saved/Config/Windows/Scalability.ini]
[2021.11.12-21.56.14:242][  0]LogConfig: Setting CVar [[r.TranslucencyLightingVolumeDim:64]]
[2021.11.12-21.56.14:242][  0]LogConfig: Setting CVar [[r.RefractionQuality:2]]
[2021.11.12-21.56.14:242][  0]LogConfig: Setting CVar [[r.SSR.Quality:3]]
[2021.11.12-21.56.14:242][  0]LogConfig: Setting CVar [[r.SSR.HalfResSceneColor:0]]
[2021.11.12-21.56.14:242][  0]LogConfig: Setting CVar [[r.SceneColorFormat:4]]
[2021.11.12-21.56.14:242][  0]LogConfig: Setting CVar [[r.DetailMode:2]]
[2021.11.12-21.56.14:242][  0]LogConfig: Setting CVar [[r.TranslucencyVolumeBlur:1]]
[2021.11.12-21.56.14:242][  0]LogConfig: Setting CVar [[r.MaterialQualityLevel:1 ; High quality]]
[2021.11.12-21.56.14:242][  0]LogConfig: Setting CVar [[r.AnisotropicMaterials:1]]
[2021.11.12-21.56.14:242][  0]LogConfig: Setting CVar [[r.SSS.Scale:1]]
[2021.11.12-21.56.14:242][  0]LogConfig: Setting CVar [[r.SSS.SampleSet:2]]
[2021.11.12-21.56.14:242][  0]LogConfig: Setting CVar [[r.SSS.Quality:1]]
[2021.11.12-21.56.14:242][  0]LogConfig: Setting CVar [[r.SSS.HalfRes:0]]
[2021.11.12-21.56.14:242][  0]LogConfig: Setting CVar [[r.SSGI.Quality:3]]
[2021.11.12-21.56.14:242][  0]LogConfig: Setting CVar [[r.EmitterSpawnRateScale:1.0]]
[2021.11.12-21.56.14:242][  0]LogConfig: Setting CVar [[r.ParticleLightQuality:2]]
[2021.11.12-21.56.14:242][  0]LogConfig: Setting CVar [[r.SkyAtmosphere.AerialPerspectiveLUT.FastApplyOnOpaque:1 ; Always have FastSkyLUT 1 in this case to avoid wrong sky]]
[2021.11.12-21.56.14:242][  0]LogConfig: Setting CVar [[r.SkyAtmosphere.AerialPerspectiveLUT.SampleCountMaxPerSlice:4]]
[2021.11.12-21.56.14:242][  0]LogConfig: Setting CVar [[r.SkyAtmosphere.AerialPerspectiveLUT.DepthResolution:16.0]]
[2021.11.12-21.56.14:242][  0]LogConfig: Setting CVar [[r.SkyAtmosphere.FastSkyLUT:1]]
[2021.11.12-21.56.14:242][  0]LogConfig: Setting CVar [[r.SkyAtmosphere.FastSkyLUT.SampleCountMin:4.0]]
[2021.11.12-21.56.14:242][  0]LogConfig: Setting CVar [[r.SkyAtmosphere.FastSkyLUT.SampleCountMax:128.0]]
[2021.11.12-21.56.14:242][  0]LogConfig: Setting CVar [[r.SkyAtmosphere.SampleCountMin:4.0]]
[2021.11.12-21.56.14:242][  0]LogConfig: Setting CVar [[r.SkyAtmosphere.SampleCountMax:128.0]]
[2021.11.12-21.56.14:242][  0]LogConfig: Setting CVar [[r.SkyAtmosphere.TransmittanceLUT.UseSmallFormat:0]]
[2021.11.12-21.56.14:242][  0]LogConfig: Setting CVar [[r.SkyAtmosphere.TransmittanceLUT.SampleCount:10.0]]
[2021.11.12-21.56.14:242][  0]LogConfig: Setting CVar [[r.SkyAtmosphere.MultiScatteringLUT.SampleCount:15.0]]
[2021.11.12-21.56.14:242][  0]LogConfig: Setting CVar [[r.SkyLight.RealTimeReflectionCapture:1]]
[2021.11.12-21.56.14:242][  0]LogConfig: Applying CVar settings from Section [FoliageQuality@3] File [C:/Users/Manof/OneDrive/Documents/GitHub/Group61-FA21/Project/CS196_Project/Saved/Config/Windows/Scalability.ini]
[2021.11.12-21.56.14:242][  0]LogConfig: Setting CVar [[foliage.DensityScale:1.0]]
[2021.11.12-21.56.14:242][  0]LogConfig: Setting CVar [[grass.DensityScale:1.0]]
[2021.11.12-21.56.14:242][  0]LogConfig: Applying CVar settings from Section [ShadingQuality@3] File [C:/Users/Manof/OneDrive/Documents/GitHub/Group61-FA21/Project/CS196_Project/Saved/Config/Windows/Scalability.ini]
[2021.11.12-21.56.14:242][  0]LogConfig: Setting CVar [[r.HairStrands.SkyLighting.IntegrationType:2]]
[2021.11.12-21.56.14:242][  0]LogConfig: Setting CVar [[r.HairStrands.SkyAO.SampleCount:4]]
[2021.11.12-21.56.14:242][  0]LogConfig: Setting CVar [[r.HairStrands.Visibility.MSAA.SamplePerPixel:4]]
[2021.11.12-21.56.14:242][  0]LogInit: Selected Device Profile: [Windows]
[2021.11.12-21.56.14:242][  0]LogInit: Applying CVar settings loaded from the selected device profile: [Windows]
[2021.11.12-21.56.14:242][  0]LogHAL: Display: Platform has ~ 16 GB [16504524800 / 17179869184 / 16], which maps to Larger [LargestMinGB=32, LargerMinGB=12, DefaultMinGB=8, SmallerMinGB=6, SmallestMinGB=0)
[2021.11.12-21.56.14:242][  0]LogInit: Going up to parent DeviceProfile []
[2021.11.12-21.56.14:243][  0]LogConfig: Applying CVar settings from Section [ViewDistanceQuality@3] File [C:/Users/Manof/OneDrive/Documents/GitHub/Group61-FA21/Project/CS196_Project/Saved/Config/Windows/Scalability.ini]
[2021.11.12-21.56.14:243][  0]LogConfig: Setting CVar [[r.SkeletalMeshLODBias:0]]
[2021.11.12-21.56.14:243][  0]LogConfig: Setting CVar [[r.ViewDistanceScale:1.0]]
[2021.11.12-21.56.14:243][  0]LogConfig: Applying CVar settings from Section [AntiAliasingQuality@3] File [C:/Users/Manof/OneDrive/Documents/GitHub/Group61-FA21/Project/CS196_Project/Saved/Config/Windows/Scalability.ini]
[2021.11.12-21.56.14:243][  0]LogConfig: Setting CVar [[r.PostProcessAAQuality:4]]
[2021.11.12-21.56.14:243][  0]LogConfig: Applying CVar settings from Section [ShadowQuality@3] File [C:/Users/Manof/OneDrive/Documents/GitHub/Group61-FA21/Project/CS196_Project/Saved/Config/Windows/Scalability.ini]
[2021.11.12-21.56.14:243][  0]LogConfig: Setting CVar [[r.LightFunctionQuality:1]]
[2021.11.12-21.56.14:243][  0]LogConfig: Setting CVar [[r.ShadowQuality:5]]
[2021.11.12-21.56.14:243][  0]LogConfig: Setting CVar [[r.Shadow.CSM.MaxCascades:10]]
[2021.11.12-21.56.14:243][  0]LogConfig: Setting CVar [[r.Shadow.MaxResolution:2048]]
[2021.11.12-21.56.14:243][  0]LogConfig: Setting CVar [[r.Shadow.MaxCSMResolution:2048]]
[2021.11.12-21.56.14:243][  0]LogConfig: Setting CVar [[r.Shadow.RadiusThreshold:0.01]]
[2021.11.12-21.56.14:243][  0]LogConfig: Setting CVar [[r.Shadow.DistanceScale:1.0]]
[2021.11.12-21.56.14:243][  0]LogConfig: Setting CVar [[r.Shadow.CSM.TransitionScale:1.0]]
[2021.11.12-21.56.14:243][  0]LogConfig: Setting CVar [[r.Shadow.PreShadowResolutionFactor:1.0]]
[2021.11.12-21.56.14:243][  0]LogConfig: Setting CVar [[r.DistanceFieldShadowing:1]]
[2021.11.12-21.56.14:243][  0]LogConfig: Setting CVar [[r.DistanceFieldAO:1]]
[2021.11.12-21.56.14:243][  0]LogConfig: Setting CVar [[r.AOQuality:2]]
[2021.11.12-21.56.14:243][  0]LogConfig: Setting CVar [[r.VolumetricFog:1]]
[2021.11.12-21.56.14:243][  0]LogConfig: Setting CVar [[r.VolumetricFog.GridPixelSize:8]]
[2021.11.12-21.56.14:243][  0]LogConfig: Setting CVar [[r.VolumetricFog.GridSizeZ:128]]
[2021.11.12-21.56.14:243][  0]LogConfig: Setting CVar [[r.VolumetricFog.HistoryMissSupersampleCount:4]]
[2021.11.12-21.56.14:243][  0]LogConfig: Setting CVar [[r.LightMaxDrawDistanceScale:1]]
[2021.11.12-21.56.14:243][  0]LogConfig: Setting CVar [[r.CapsuleShadows:1]]
[2021.11.12-21.56.14:243][  0]LogConfig: Applying CVar settings from Section [PostProcessQuality@3] File [C:/Users/Manof/OneDrive/Documents/GitHub/Group61-FA21/Project/CS196_Project/Saved/Config/Windows/Scalability.ini]
[2021.11.12-21.56.14:243][  0]LogConfig: Setting CVar [[r.MotionBlurQuality:4]]
[2021.11.12-21.56.14:243][  0]LogConfig: Setting CVar [[r.AmbientOcclusionMipLevelFactor:0.4]]
[2021.11.12-21.56.14:243][  0]LogConfig: Setting CVar [[r.AmbientOcclusionMaxQuality:100]]
[2021.11.12-21.56.14:243][  0]LogConfig: Setting CVar [[r.AmbientOcclusionLevels:-1]]
[2021.11.12-21.56.14:243][  0]LogConfig: Setting CVar [[r.AmbientOcclusionRadiusScale:1.0]]
[2021.11.12-21.56.14:243][  0]LogConfig: Setting CVar [[r.DepthOfFieldQuality:2]]
[2021.11.12-21.56.14:243][  0]LogConfig: Setting CVar [[r.RenderTargetPoolMin:400]]
[2021.11.12-21.56.14:243][  0]LogConfig: Setting CVar [[r.LensFlareQuality:2]]
[2021.11.12-21.56.14:243][  0]LogConfig: Setting CVar [[r.SceneColorFringeQuality:1]]
[2021.11.12-21.56.14:243][  0]LogConfig: Setting CVar [[r.EyeAdaptationQuality:2]]
[2021.11.12-21.56.14:243][  0]LogConfig: Setting CVar [[r.BloomQuality:5]]
[2021.11.12-21.56.14:243][  0]LogConfig: Setting CVar [[r.FastBlurThreshold:100]]
[2021.11.12-21.56.14:243][  0]LogConfig: Setting CVar [[r.Upscale.Quality:3]]
[2021.11.12-21.56.14:243][  0]LogConfig: Setting CVar [[r.Tonemapper.GrainQuantization:1]]
[2021.11.12-21.56.14:243][  0]LogConfig: Setting CVar [[r.LightShaftQuality:1]]
[2021.11.12-21.56.14:243][  0]LogConfig: Setting CVar [[r.Filter.SizeScale:1]]
[2021.11.12-21.56.14:243][  0]LogConfig: Setting CVar [[r.Tonemapper.Quality:5]]
[2021.11.12-21.56.14:243][  0]LogConfig: Setting CVar [[r.DOF.Gather.AccumulatorQuality:1        ; higher gathering accumulator quality]]
[2021.11.12-21.56.14:243][  0]LogConfig: Setting CVar [[r.DOF.Gather.PostfilterMethod:1          ; Median3x3 postfilering method]]
[2021.11.12-21.56.14:243][  0]LogConfig: Setting CVar [[r.DOF.Gather.EnableBokehSettings:0       ; no bokeh simulation when gathering]]
[2021.11.12-21.56.14:243][  0]LogConfig: Setting CVar [[r.DOF.Gather.RingCount:4                 ; medium number of samples when gathering]]
[2021.11.12-21.56.14:243][  0]LogConfig: Setting CVar [[r.DOF.Scatter.ForegroundCompositing:1    ; additive foreground scattering]]
[2021.11.12-21.56.14:243][  0]LogConfig: Setting CVar [[r.DOF.Scatter.BackgroundCompositing:2    ; additive background scattering]]
[2021.11.12-21.56.14:243][  0]LogConfig: Setting CVar [[r.DOF.Scatter.EnableBokehSettings:1      ; bokeh simulation when scattering]]
[2021.11.12-21.56.14:243][  0]LogConfig: Setting CVar [[r.DOF.Scatter.MaxSpriteRatio:0.1         ; only a maximum of 10% of scattered bokeh]]
[2021.11.12-21.56.14:243][  0]LogConfig: Setting CVar [[r.DOF.Recombine.Quality:1                ; cheap slight out of focus]]
[2021.11.12-21.56.14:243][  0]LogConfig: Setting CVar [[r.DOF.Recombine.EnableBokehSettings:0    ; no bokeh simulation on slight out of focus]]
[2021.11.12-21.56.14:243][  0]LogConfig: Setting CVar [[r.DOF.TemporalAAQuality:1                ; more stable temporal accumulation]]
[2021.11.12-21.56.14:243][  0]LogConfig: Setting CVar [[r.DOF.Kernel.MaxForegroundRadius:0.025]]
[2021.11.12-21.56.14:243][  0]LogConfig: Setting CVar [[r.DOF.Kernel.MaxBackgroundRadius:0.025]]
[2021.11.12-21.56.14:243][  0]LogConfig: Applying CVar settings from Section [TextureQuality@3] File [C:/Users/Manof/OneDrive/Documents/GitHub/Group61-FA21/Project/CS196_Project/Saved/Config/Windows/Scalability.ini]
[2021.11.12-21.56.14:243][  0]LogConfig: Setting CVar [[r.Streaming.MipBias:0]]
[2021.11.12-21.56.14:243][  0]LogConfig: Setting CVar [[r.Streaming.AmortizeCPUToGPUCopy:0]]
[2021.11.12-21.56.14:243][  0]LogConfig: Setting CVar [[r.Streaming.MaxNumTexturesToStreamPerFrame:0]]
[2021.11.12-21.56.14:243][  0]LogConfig: Setting CVar [[r.Streaming.Boost:1]]
[2021.11.12-21.56.14:243][  0]LogConfig: Setting CVar [[r.MaxAnisotropy:8]]
[2021.11.12-21.56.14:243][  0]LogConfig: Setting CVar [[r.VT.MaxAnisotropy:8]]
[2021.11.12-21.56.14:243][  0]LogConfig: Setting CVar [[r.Streaming.LimitPoolSizeToVRAM:0]]
[2021.11.12-21.56.14:243][  0]LogConfig: Setting CVar [[r.Streaming.PoolSize:1000]]
[2021.11.12-21.56.14:243][  0]LogConfig: Setting CVar [[r.Streaming.MaxEffectiveScreenSize:0]]
[2021.11.12-21.56.14:243][  0]LogConfig: Applying CVar settings from Section [EffectsQuality@3] File [C:/Users/Manof/OneDrive/Documents/GitHub/Group61-FA21/Project/CS196_Project/Saved/Config/Windows/Scalability.ini]
[2021.11.12-21.56.14:243][  0]LogConfig: Setting CVar [[r.TranslucencyLightingVolumeDim:64]]
[2021.11.12-21.56.14:243][  0]LogConfig: Setting CVar [[r.RefractionQuality:2]]
[2021.11.12-21.56.14:243][  0]LogConfig: Setting CVar [[r.SSR.Quality:3]]
[2021.11.12-21.56.14:243][  0]LogConfig: Setting CVar [[r.SSR.HalfResSceneColor:0]]
[2021.11.12-21.56.14:243][  0]LogConfig: Setting CVar [[r.SceneColorFormat:4]]
[2021.11.12-21.56.14:243][  0]LogConfig: Setting CVar [[r.DetailMode:2]]
[2021.11.12-21.56.14:243][  0]LogConfig: Setting CVar [[r.TranslucencyVolumeBlur:1]]
[2021.11.12-21.56.14:243][  0]LogConfig: Setting CVar [[r.MaterialQualityLevel:1 ; High quality]]
[2021.11.12-21.56.14:243][  0]LogConfig: Setting CVar [[r.AnisotropicMaterials:1]]
[2021.11.12-21.56.14:243][  0]LogConfig: Setting CVar [[r.SSS.Scale:1]]
[2021.11.12-21.56.14:243][  0]LogConfig: Setting CVar [[r.SSS.SampleSet:2]]
[2021.11.12-21.56.14:243][  0]LogConfig: Setting CVar [[r.SSS.Quality:1]]
[2021.11.12-21.56.14:243][  0]LogConfig: Setting CVar [[r.SSS.HalfRes:0]]
[2021.11.12-21.56.14:243][  0]LogConfig: Setting CVar [[r.SSGI.Quality:3]]
[2021.11.12-21.56.14:243][  0]LogConfig: Setting CVar [[r.EmitterSpawnRateScale:1.0]]
[2021.11.12-21.56.14:243][  0]LogConfig: Setting CVar [[r.ParticleLightQuality:2]]
[2021.11.12-21.56.14:243][  0]LogConfig: Setting CVar [[r.SkyAtmosphere.AerialPerspectiveLUT.FastApplyOnOpaque:1 ; Always have FastSkyLUT 1 in this case to avoid wrong sky]]
[2021.11.12-21.56.14:243][  0]LogConfig: Setting CVar [[r.SkyAtmosphere.AerialPerspectiveLUT.SampleCountMaxPerSlice:4]]
[2021.11.12-21.56.14:243][  0]LogConfig: Setting CVar [[r.SkyAtmosphere.AerialPerspectiveLUT.DepthResolution:16.0]]
[2021.11.12-21.56.14:243][  0]LogConfig: Setting CVar [[r.SkyAtmosphere.FastSkyLUT:1]]
[2021.11.12-21.56.14:243][  0]LogConfig: Setting CVar [[r.SkyAtmosphere.FastSkyLUT.SampleCountMin:4.0]]
[2021.11.12-21.56.14:243][  0]LogConfig: Setting CVar [[r.SkyAtmosphere.FastSkyLUT.SampleCountMax:128.0]]
[2021.11.12-21.56.14:243][  0]LogConfig: Setting CVar [[r.SkyAtmosphere.SampleCountMin:4.0]]
[2021.11.12-21.56.14:243][  0]LogConfig: Setting CVar [[r.SkyAtmosphere.SampleCountMax:128.0]]
[2021.11.12-21.56.14:244][  0]LogConfig: Setting CVar [[r.SkyAtmosphere.TransmittanceLUT.UseSmallFormat:0]]
[2021.11.12-21.56.14:244][  0]LogConfig: Setting CVar [[r.SkyAtmosphere.TransmittanceLUT.SampleCount:10.0]]
[2021.11.12-21.56.14:244][  0]LogConfig: Setting CVar [[r.SkyAtmosphere.MultiScatteringLUT.SampleCount:15.0]]
[2021.11.12-21.56.14:244][  0]LogConfig: Setting CVar [[r.SkyLight.RealTimeReflectionCapture:1]]
[2021.11.12-21.56.14:244][  0]LogConfig: Applying CVar settings from Section [FoliageQuality@3] File [C:/Users/Manof/OneDrive/Documents/GitHub/Group61-FA21/Project/CS196_Project/Saved/Config/Windows/Scalability.ini]
[2021.11.12-21.56.14:244][  0]LogConfig: Setting CVar [[foliage.DensityScale:1.0]]
[2021.11.12-21.56.14:244][  0]LogConfig: Setting CVar [[grass.DensityScale:1.0]]
[2021.11.12-21.56.14:244][  0]LogConfig: Applying CVar settings from Section [ShadingQuality@3] File [C:/Users/Manof/OneDrive/Documents/GitHub/Group61-FA21/Project/CS196_Project/Saved/Config/Windows/Scalability.ini]
[2021.11.12-21.56.14:244][  0]LogConfig: Setting CVar [[r.HairStrands.SkyLighting.IntegrationType:2]]
[2021.11.12-21.56.14:244][  0]LogConfig: Setting CVar [[r.HairStrands.SkyAO.SampleCount:4]]
[2021.11.12-21.56.14:244][  0]LogConfig: Setting CVar [[r.HairStrands.Visibility.MSAA.SamplePerPixel:4]]
[2021.11.12-21.56.14:244][  0]LogConfig: Applying CVar settings from Section [Startup] File [../../../Engine/Config/ConsoleVariables.ini]
[2021.11.12-21.56.14:244][  0]LogConfig: Setting CVar [[net.UseAdaptiveNetUpdateFrequency:0]]
[2021.11.12-21.56.14:245][  0]LogConfig: Setting CVar [[p.chaos.AllowCreatePhysxBodies:1]]
[2021.11.12-21.56.14:245][  0]LogConfig: Setting CVar [[fx.SkipVectorVMBackendOptimizations:1]]
[2021.11.12-21.56.14:245][  0]LogConfig: Applying CVar settings from Section [ConsoleVariables] File [C:/Users/Manof/OneDrive/Documents/GitHub/Group61-FA21/Project/CS196_Project/Saved/Config/Windows/Engine.ini]
[2021.11.12-21.56.14:245][  0]LogConfig: Applying CVar settings from Section [ConsoleVariables] File [C:/Users/Manof/OneDrive/Documents/GitHub/Group61-FA21/Project/CS196_Project/Saved/Config/Windows/Editor.ini]
[2021.11.12-21.56.14:245][  0]LogInit: Computer: DESKTOP-TBRJ7RK
[2021.11.12-21.56.14:245][  0]LogInit: User: Manof
[2021.11.12-21.56.14:245][  0]LogInit: CPU Page size=4096, Cores=6
[2021.11.12-21.56.14:245][  0]LogInit: High frequency timer resolution =10.000000 MHz
[2021.11.12-21.56.14:245][  0]LogMemory: Memory total: Physical=15.4GB (16GB approx)
[2021.11.12-21.56.14:245][  0]LogMemory: Platform Memory Stats for Windows
[2021.11.12-21.56.14:245][  0]LogMemory: Process Physical Memory: 139.91 MB used, 139.91 MB peak
[2021.11.12-21.56.14:245][  0]LogMemory: Process Virtual Memory: 110.18 MB used, 110.18 MB peak
[2021.11.12-21.56.14:245][  0]LogMemory: Physical Memory: 13398.32 MB used,  2341.62 MB free, 15739.94 MB total
[2021.11.12-21.56.14:245][  0]LogMemory: Virtual Memory: 134214560.00 MB used,  3165.82 MB free, 134217728.00 MB total
[2021.11.12-21.56.14:250][  0]LogWindows: WindowsPlatformFeatures enabled
[2021.11.12-21.56.14:277][  0]LogInit: Physics initialised using underlying interface: PhysX
[2021.11.12-21.56.14:277][  0]LogInit: Using OS detected language (en-US).
[2021.11.12-21.56.14:277][  0]LogInit: Using OS detected locale (en-US).
[2021.11.12-21.56.14:284][  0]LogTextLocalizationManager: No specific localization for 'en-US' exists, so the 'en' localization will be used.
[2021.11.12-21.56.14:513][  0]LogInit: Setting process to per monitor DPI aware
[2021.11.12-21.56.14:529][  0]LogWindowsTextInputMethodSystem: Display: IME system deactivated.
[2021.11.12-21.56.14:544][  0]LogSlate: New Slate User Created.  User Index 0, Is Virtual User: 0
[2021.11.12-21.56.14:545][  0]LogSlate: Slate User Registered.  User Index 0, Is Virtual User: 0
[2021.11.12-21.56.14:697][  0]LogD3D11RHI: Loaded GFSDK_Aftermath_Lib.x64.dll
[2021.11.12-21.56.14:700][  0]LogHMD: Failed to initialize OpenVR with code 110
[2021.11.12-21.56.14:700][  0]LogD3D11RHI: D3D11 min allowed feature level: 11_0
[2021.11.12-21.56.14:700][  0]LogD3D11RHI: D3D11 max allowed feature level: 11_0
[2021.11.12-21.56.14:700][  0]LogD3D11RHI: D3D11 adapters:
[2021.11.12-21.56.14:731][  0]LogD3D11RHI:    0. 'AMD Radeon(TM) Graphics' (Feature Level 11_0)
[2021.11.12-21.56.14:731][  0]LogD3D11RHI:       496/0/7869 MB DedicatedVideo/DedicatedSystem/SharedSystem, Outputs:1, VendorId:0x1002
[2021.11.12-21.56.14:733][  0]LogD3D11RHI:    1. 'Microsoft Basic Render Driver' (Feature Level 11_0)
[2021.11.12-21.56.14:733][  0]LogD3D11RHI:       0/0/7869 MB DedicatedVideo/DedicatedSystem/SharedSystem, Outputs:0, VendorId:0x1414
[2021.11.12-21.56.14:733][  0]LogD3D11RHI: Chosen D3D11 Adapter: 0
[2021.11.12-21.56.14:748][  0]LogD3D11RHI: Creating new Direct3DDevice
[2021.11.12-21.56.14:748][  0]LogD3D11RHI:     GPU DeviceId: 0x1636 (for the marketing name, search the web for "GPU Device Id")
[2021.11.12-21.56.14:748][  0]LogWindows: EnumDisplayDevices:
[2021.11.12-21.56.14:748][  0]LogWindows:    0. 'AMD Radeon(TM) Graphics' (P:1 D:1)
[2021.11.12-21.56.14:748][  0]LogWindows:    1. 'AMD Radeon(TM) Graphics' (P:0 D:0)
[2021.11.12-21.56.14:749][  0]LogWindows:    2. 'AMD Radeon(TM) Graphics' (P:0 D:0)
[2021.11.12-21.56.14:749][  0]LogWindows:    3. 'AMD Radeon(TM) Graphics' (P:0 D:0)
[2021.11.12-21.56.14:749][  0]LogWindows: DebugString: FoundDriverCount:4 
[2021.11.12-21.56.14:749][  0]LogD3D11RHI:     Adapter Name: AMD Radeon(TM) Graphics
[2021.11.12-21.56.14:749][  0]LogD3D11RHI:   Driver Version: Adrenalin 20.10.44.04 (internal:27.20.11044.4003, unified:27.20.11044.4003)
[2021.11.12-21.56.14:749][  0]LogD3D11RHI:      Driver Date: 11-16-2020
[2021.11.12-21.56.14:749][  0]LogRHI: Texture pool is 5384 MB (70% of 7692 MB)
[2021.11.12-21.56.14:783][  0]LogD3D11RHI: Created device via AGS, feature level 11_0, supported extensions 1fffffbf.
[2021.11.12-21.56.14:784][  0]LogD3D11RHI: RHI has support for 64 bit atomics
[2021.11.12-21.56.14:784][  0]LogD3D11RHI: Async texture creation enabled
[2021.11.12-21.56.14:784][  0]LogD3D11RHI: Array index from any shader is supported
[2021.11.12-21.56.14:798][  0]LogD3D11RHI: GPU Timing Frequency: 100.000000 (Debug: 2 1)
[2021.11.12-21.56.15:286][  0]LogTargetPlatformManager: Display: Loaded TargetPlatform 'AllDesktop'
[2021.11.12-21.56.15:311][  0]LogTargetPlatformManager: Display: Loaded TargetPlatform 'Android'
[2021.11.12-21.56.15:311][  0]LogTargetPlatformManager: Display: Loaded TargetPlatform 'Android_ASTC'
[2021.11.12-21.56.15:311][  0]LogTargetPlatformManager: Display: Loaded TargetPlatform 'Android_DXT'
[2021.11.12-21.56.15:311][  0]LogTargetPlatformManager: Display: Loaded TargetPlatform 'Android_ETC2'
[2021.11.12-21.56.15:311][  0]LogTargetPlatformManager: Display: Loaded TargetPlatform 'AndroidClient'
[2021.11.12-21.56.15:311][  0]LogTargetPlatformManager: Display: Loaded TargetPlatform 'Android_ASTCClient'
[2021.11.12-21.56.15:311][  0]LogTargetPlatformManager: Display: Loaded TargetPlatform 'Android_DXTClient'
[2021.11.12-21.56.15:311][  0]LogTargetPlatformManager: Display: Loaded TargetPlatform 'Android_ETC2Client'
[2021.11.12-21.56.15:311][  0]LogTargetPlatformManager: Display: Loaded TargetPlatform 'Android_Multi'
[2021.11.12-21.56.15:311][  0]LogTargetPlatformManager: Display: Loaded TargetPlatform 'Android_MultiClient'
[2021.11.12-21.56.15:331][  0]LogTargetPlatformManager: Display: Loaded TargetPlatform 'IOSClient'
[2021.11.12-21.56.15:331][  0]LogTargetPlatformManager: Display: Loaded TargetPlatform 'IOS'
[2021.11.12-21.56.15:343][  0]LogTargetPlatformManager: Display: Loaded TargetPlatform 'Linux'
[2021.11.12-21.56.15:348][  0]LogTargetPlatformManager: Display: Loaded TargetPlatform 'LinuxNoEditor'
[2021.11.12-21.56.15:352][  0]LogTargetPlatformManager: Display: Loaded TargetPlatform 'LinuxClient'
[2021.11.12-21.56.15:357][  0]LogTargetPlatformManager: Display: Loaded TargetPlatform 'LinuxServer'
[2021.11.12-21.56.15:368][  0]LogTargetPlatformManager: Display: Loaded TargetPlatform 'LinuxAArch64NoEditor'
[2021.11.12-21.56.15:373][  0]LogTargetPlatformManager: Display: Loaded TargetPlatform 'LinuxAArch64Client'
[2021.11.12-21.56.15:378][  0]LogTargetPlatformManager: Display: Loaded TargetPlatform 'LinuxAArch64Server'
[2021.11.12-21.56.15:411][  0]LogTargetPlatformManager: Display: Loaded TargetPlatform 'Lumin'
[2021.11.12-21.56.15:411][  0]LogTargetPlatformManager: Display: Loaded TargetPlatform 'LuminClient'
[2021.11.12-21.56.15:422][  0]LogTargetPlatformManager: Display: Loaded TargetPlatform 'MacNoEditor'
[2021.11.12-21.56.15:427][  0]LogTargetPlatformManager: Display: Loaded TargetPlatform 'Mac'
[2021.11.12-21.56.15:431][  0]LogTargetPlatformManager: Display: Loaded TargetPlatform 'MacClient'
[2021.11.12-21.56.15:436][  0]LogTargetPlatformManager: Display: Loaded TargetPlatform 'MacServer'
[2021.11.12-21.56.15:448][  0]LogTargetPlatformManager: Display: Loaded TargetPlatform 'TVOSClient'
[2021.11.12-21.56.15:448][  0]LogTargetPlatformManager: Display: Loaded TargetPlatform 'TVOS'
[2021.11.12-21.56.15:460][  0]LogTargetPlatformManager: Display: Loaded TargetPlatform 'WindowsNoEditor'
[2021.11.12-21.56.15:465][  0]LogTargetPlatformManager: Display: Loaded TargetPlatform 'Windows'
[2021.11.12-21.56.15:470][  0]LogTargetPlatformManager: Display: Loaded TargetPlatform 'WindowsClient'
[2021.11.12-21.56.15:476][  0]LogTargetPlatformManager: Display: Loaded TargetPlatform 'WindowsServer'
[2021.11.12-21.56.15:476][  0]LogTargetPlatformManager: Display: Building Assets For Windows
[2021.11.12-21.56.15:484][  0]LogAudioDebug: Display: Lib vorbis DLL was dynamically loaded.
[2021.11.12-21.56.15:520][  0]LogTextureFormatOodle: Display: Oodle Texture 2.9.0 init RDO Off
[2021.11.12-21.56.15:553][  0]LogRendererCore: Ray tracing is disabled. Reason: r.RayTracing=0.
[2021.11.12-21.56.15:553][  0]LogShaderCompilers: Guid format shader working directory is -45 characters bigger than the processId version (../../../../../../Users/Manof/OneDrive/Documents/GitHub/Group61-FA21/Project/CS196_Project/Intermediate/Shaders/WorkingDirectory/32472/).
[2021.11.12-21.56.15:553][  0]LogShaderCompilers: Cleaned the shader compiler working directory 'C:/Users/Manof/AppData/Local/Temp/UnrealShaderWorkingDir/E96C6514420730E45242D1B0F0B1D50C/'.
[2021.11.12-21.56.15:553][  0]LogXGEController: Cannot use XGE Controller as Incredibuild is not installed on this machine.
[2021.11.12-21.56.15:553][  0]LogShaderCompilers: Cannot use XGE Shader Compiler as Incredibuild is not installed on this machine.
[2021.11.12-21.56.15:553][  0]LogShaderCompilers: Display: Using Local Shader Compiler.
[2021.11.12-21.56.16:259][  0]LogDerivedDataCache: Display: Max Cache Size: 512 MB
[2021.11.12-21.56.16:327][  0]LogDerivedDataCache: Loaded boot cache 0.07s 95MB C:/Users/Manof/AppData/Local/UnrealEngine/4.27/DerivedDataCache/Boot.ddc.
[2021.11.12-21.56.16:327][  0]LogDerivedDataCache: Display: Loaded Boot cache: C:/Users/Manof/AppData/Local/UnrealEngine/4.27/DerivedDataCache/Boot.ddc
[2021.11.12-21.56.16:327][  0]LogDerivedDataCache: FDerivedDataBackendGraph:  Pak pak cache file ../../../../../../Users/Manof/OneDrive/Documents/GitHub/Group61-FA21/Project/CS196_Project/DerivedDataCache/DDC.ddp not found, will not use a pak cache.
[2021.11.12-21.56.16:327][  0]LogDerivedDataCache: Unable to find inner node Pak for hierarchical cache Hierarchy.
[2021.11.12-21.56.16:327][  0]LogDerivedDataCache: FDerivedDataBackendGraph:  CompressedPak pak cache file ../../../../../../Users/Manof/OneDrive/Documents/GitHub/Group61-FA21/Project/CS196_Project/DerivedDataCache/Compressed.ddp not found, will not use a pak cache.
[2021.11.12-21.56.16:327][  0]LogDerivedDataCache: Unable to find inner node CompressedPak for hierarchical cache Hierarchy.
[2021.11.12-21.56.16:346][  0]LogDerivedDataCache: Display: Pak cache opened for reading ../../../Engine/DerivedDataCache/Compressed.ddp.
[2021.11.12-21.56.16:346][  0]LogDerivedDataCache: FDerivedDataBackendGraph:  EnterprisePak pak cache file ../../../Enterprise/DerivedDataCache/Compressed.ddp not found, will not use a pak cache.
[2021.11.12-21.56.16:346][  0]LogDerivedDataCache: Unable to find inner node EnterprisePak for hierarchical cache Hierarchy.
[2021.11.12-21.56.16:357][  0]LogDerivedDataCache: Speed tests for C:/Users/Manof/AppData/Local/UnrealEngine/Common/DerivedDataCache took 0.01 seconds
[2021.11.12-21.56.16:357][  0]LogDerivedDataCache: Display: Performance to C:/Users/Manof/AppData/Local/UnrealEngine/Common/DerivedDataCache: Latency=0.03ms. RandomReadSpeed=280.24MBs, RandomWriteSpeed=123.76MBs. Assigned SpeedClass 'Local'
[2021.11.12-21.56.16:358][  0]LogDerivedDataCache: Using Local data cache path C:/Users/Manof/AppData/Local/UnrealEngine/Common/DerivedDataCache: Writable
[2021.11.12-21.56.16:358][  0]LogDerivedDataCache: Shared data cache path not found in *engine.ini, will not use an Shared cache.
[2021.11.12-21.56.16:358][  0]LogDerivedDataCache: Unable to find inner node Shared for hierarchical cache Hierarchy.
[2021.11.12-21.56.16:402][  0]LogSlate: Using FreeType 2.10.0
[2021.11.12-21.56.16:402][  0]LogSlate: SlateFontServices - WITH_FREETYPE: 1, WITH_HARFBUZZ: 1
[2021.11.12-21.56.16:428][  0]LogAssetRegistry: FAssetRegistry took 0.0034 seconds to start up
[2021.11.12-21.56.16:697][  0]LogInit: Selected Device Profile: [Windows]
[2021.11.12-21.56.16:697][  0]LogInit: Active device profile: [0000014359A2AC00][000001434BC4F800 49] Windows
[2021.11.12-21.56.16:697][  0]LogInit: Profiles: [0000014359A2AC00][000001434BC4F800 49] Windows, [00000143599CA000][000001434BC57AC0 49] WindowsNoEditor, [0000014359A2B900][000001434BC5A200 49] WindowsServer, [00000143599C9300][000001434BC5E4C0 49] WindowsClient, [0000014359A2AB00][0000014358126780 49] IOS, [00000143599CB500][000001435812AA40 49] iPadAir, [0000014359A28E00][000001435812ED00 49] iPadAir2, [0000014359955300][000001435813F1C0 49] IPadPro, [0000014359955400][000001434BC53200 49] iPadAir3, [00000143599CB300][000001435813B4C0 49] iPadAir4, [0000014359956200][0000014358137780 49] iPadMini2, [00000143599CAC00][0000014358143A40 49] iPadMini3, [0000014359956E00][0000014358146180 49] iPadMini4, [00000143599CA300][000001435814A440 49] iPadMini5, [000001435995CE00][000001435815E980 49] iPhone6, [000001435995CF00][000001435814E9C0 49] iPodTouch6, [0000014359A28300][0000014358166F00 49] iPhone7, [0000014359A29900][0000014358156F40 49] iPodTouch7, [0000014359957400][00000143581331C0 49] iPhone5S, [0000014359A2AA00][0000014358153480 49] iPhone6Plus, [0000014359A2AD00][0000014358163740 49] iPhone6S, [000001435995C700][000001435816BA00 49] iPhone6SPlus, [0000014359A2A600][000001435A3D2140 49] iPhone7Plus, [000001435995F000][000001435A3D6400 49] iPhoneSE, [0000014359A28F00][000001435A3DA6C0 49] iPhone8, [000001435995D300][000001435A3DE980 49] iPhone8Plus, [0000014359955900][000001435A3E2C40 49] iPhoneX, [000001435995CD00][000001435A3E6F00 49] iPhoneXS, [0000014359955C00][000001435815B180 49] iPhoneXSMax, [000001435995F600][000001435A3EB400 49] iPhoneXR, [0000014359954300][000001435A3F36C0 49] iPhone11, [000001435995E000][000001435A3F7980 49] iPhone11Pro, [0000014359956800][000001435A3FA0C0 49] iPhone11ProMax, [000001435995F100][000001435A3FE380 49] iPhoneSE2, [0000014359954B00][000001435A402640 49] iPhone12Mini, [000001435995E700][000001435A406900 49] iPhone12, [0000014359955100][000001435A40ABC0 49] iPhone12Pro, [000001435995C400][000001435A40EE80 49] iPhone12ProMax, [0000014359954900][000001435A413140 49] iPadPro105, [000001435995C900][000001435A3EF3C0 49] iPadPro129, [0000014359954F00][000001435A425640 49] iPadPro97, [000001435995D400][000001435A42D900 49] iPadPro2_129, [0000014359956900][000001435A431BC0 49] iPad5, [000001435995D200][000001435A434300 49] iPad6, [0000014359957200][000001435A4385C0 49] iPad7, [000001435995FC00][000001435A43C880 49] iPad8, [0000014359956600][000001435A440B40 49] iPadPro11, [000001435995C200][000001435A444E00 49] iPadPro2_11, [0000014359955D00][000001435A4490C0 49] iPadPro3_129, [000001435995EE00][000001435A44D380 49] iPadPro4_129, [0000014359955500][000001435A429600 49] AppleTV, [000001435995DE00][000001435A451880 49] AppleTV4K, [0000014359956700][000001435A459B40 49] TVOS, [000001435995DD00][000001435A45C280 49] Mac, [0000014359954E00][000001435A464540 49] MacClient, [000001435995CA00][000001435A468800 49] MacNoEditor, [0000014359955000][000001435A46CAC0 49] MacServer, [000001435995D500][000001435A470D80 49] Linux, [0000014359954200][000001435A47D040 49] LinuxAArch64, [000001435995DC00][000001435A481300 49] LinuxNoEditor, [0000014359955800][000001435A4855C0 49] LinuxAArch64NoEditor, [000001435995D100][000001435A455840 49] LinuxClient, [0000014359957000][000001435A489AC0 49] LinuxAArch64Client, [000001435995C500][000001435A490200 49] LinuxServer, [0000014359956B00][000001435A4944C0 49] LinuxAArch64Server, [000001435995C800][000001435A498780 49] Android, [0000014359954500][000001435A49CA40 49] Android_Low, [000001435995EF00][000001435A4A0D00 49] Android_Mid, [0000014359957A00][000001435A4A4FC0 49] Android_High, [000001435995E200][000001435A4A9280 49] Android_Default, [0000014359957B00][000001435A4AD540 49] Android_Adreno4xx, [000001435995CC00][000001435A4B1800 49] Android_Adreno5xx_Low, [0000014359956C00][000001435A48DA80 49] Android_Adreno5xx, [000001435995D800][000001435A4B4180 49] Android_Adreno6xx, [0000014359956F00][000001435A4BC440 49] Android_Adreno6xx_Vulkan, [000001435995F500][000001435A4C0700 49] Android_Mali_T6xx, [0000014359954100][000001435A4C49C0 49] Android_Mali_T7xx, [00000143599CBD00][000001435A4C8C80 49] Android_Mali_T8xx, [0000014359A29400][000001435A4CCF40 49] Android_Mali_G71, [00000143599CAE00][000001435A4D1200 49] Android_Mali_G72, [0000014359A2BC00][000001435A4D54C0 49] Android_Mali_G72_Vulkan, [00000143599C9200][000001435A4D9780 49] Android_Mali_G76, [0000014359A29D00][000001435A4DDA40 49] Android_Mali_G76_Vulkan, [00000143599C8C00][000001435A4B8140 49] Android_Mali_G77, [0000014359A28200][000001435A4E03C0 49] Android_Mali_G77_Vulkan, [00000143599C9700][000001435A4E8680 49] Android_Mali_G78, [0000014359A2B600][000001435A4EC940 49] Android_Mali_G78_Vulkan, [00000143599C8A00][000001435A4F0C00 49] Android_Mali_G710, [0000014359A2B700][000001435A4F4EC0 49] Android_Mali_G710_Vulkan, [00000143599CBA00][000001435A4F9180 49] Android_Vulkan_SM5, [0000014359A29100][000001435A4FD440 49] Android_PowerVR_G6xxx, [00000143599CBE00][000001435A501700 49] Android_PowerVR_GT7xxx, [0000014359A28B00][000001435A5059C0 49] Android_PowerVR_GE8xxx, [00000143599C9800][000001435A508100 49] Android_PowerVR_GM9xxx, [0000014359A2B400][000001435A4E4380 49] Android_PowerVR_GM9xxx_Vulkan, [00000143599C9A00][000001435A50C600 49] Android_TegraK1, [0000014359A29E00][000001435A5148C0 49] Android_Unknown_Vulkan, [00000143599C9B00][000001435A518B80 49] Lumin, [0000014359A29000][000001435A51CE40 49] Lumin_Desktop, [00000143599C9C00][000001435A521100 49] HoloLens, 
[2021.11.12-21.56.16:832][  0]LogMeshReduction: Using QuadricMeshReduction for automatic static mesh reduction
[2021.11.12-21.56.16:832][  0]LogMeshReduction: Using SimplygonMeshReduction for automatic skeletal mesh reduction
[2021.11.12-21.56.16:832][  0]LogMeshReduction: Using ProxyLODMeshReduction for automatic mesh merging
[2021.11.12-21.56.16:832][  0]LogMeshReduction: No distributed automatic mesh merging module available
[2021.11.12-21.56.16:832][  0]LogMeshMerging: No distributed automatic mesh merging module available
[2021.11.12-21.56.16:848][  0]LogNetVersion: CS196_Project 1.0.0, NetCL: 17155196, EngineNetVer: 17, GameNetVer: 0 (Checksum: 541218578)
[2021.11.12-21.56.17:284][  0]LogTexture: Default maximum texture size for cubemaps generated from long-lat sources has been changed from 512 to unlimited. In order to preserve old behaiour for '/Engine/MapTemplates/Sky/DaylightAmbientCubemap.DaylightAmbientCubemap', its maximum texture size has been explicitly set to 512.
[2021.11.12-21.56.17:344][  0]LogHMD: PokeAHoleMaterial loaded successfully
[2021.11.12-21.56.17:352][  0]LogUObjectArray: 17178 objects as part of root set at end of initial load.
[2021.11.12-21.56.17:352][  0]LogUObjectAllocator: 4301856 out of 0 bytes used by permanent object pool.
[2021.11.12-21.56.17:352][  0]LogUObjectArray: CloseDisregardForGC: 0/0 objects in disregard for GC pool
[2021.11.12-21.56.17:631][  0]LogNiagaraDebuggerClient: Niagara Debugger Client Initialized | Session: 211EECC1453F054722295F83617B97C0 | Instance: C1C1C506489B1A55DF4BF69E51772E7B (DESKTOP-TBRJ7RK-32472).
[2021.11.12-21.56.17:651][  0]LogStreaming: Warning: Failed to read file '../../../Engine/Content/Editor/Slate/Niagara/MenuSeparator.png' error.
[2021.11.12-21.56.17:651][  0]LogSlate: Could not find file for Slate resource: ../../../Engine/Content/Editor/Slate/Niagara/MenuSeparator.png
[2021.11.12-21.56.17:651][  0]LogStreaming: Warning: Failed to read file '../../../Engine/Content/Editor/Slate/Niagara/Common/Selector.png' error.
[2021.11.12-21.56.17:651][  0]LogSlate: Could not find file for Slate resource: ../../../Engine/Content/Editor/Slate/Niagara/Common/Selector.png
[2021.11.12-21.56.17:651][  0]LogStreaming: Warning: Failed to read file '../../../Engine/Content/Editor/Slate/Niagara/Common/Selection.png' error.
[2021.11.12-21.56.17:651][  0]LogSlate: Could not find file for Slate resource: ../../../Engine/Content/Editor/Slate/Niagara/Common/Selection.png
[2021.11.12-21.56.17:651][  0]LogStreaming: Warning: Failed to read file '../../../Engine/Content/Editor/Slate/Niagara/Common/DropZoneIndicator_Above.png' error.
[2021.11.12-21.56.17:651][  0]LogStreaming: Warning: Failed to read file '../../../Engine/Content/Editor/Slate/Niagara/Common/DropZoneIndicator_Onto.png' error.
[2021.11.12-21.56.17:651][  0]LogSlate: Could not find file for Slate resource: ../../../Engine/Content/Editor/Slate/Niagara/Common/DropZoneIndicator_Onto.png
[2021.11.12-21.56.17:651][  0]LogStreaming: Warning: Failed to read file '../../../Engine/Content/Editor/Slate/Niagara/Common/DropZoneIndicator_Below.png' error.
[2021.11.12-21.56.17:651][  0]LogSlate: Could not find file for Slate resource: ../../../Engine/Content/Editor/Slate/Niagara/Common/DropZoneIndicator_Below.png
[2021.11.12-21.56.17:651][  0]LogStreaming: Warning: Failed to read file '../../../Engine/Content/Editor/Slate/Niagara/Common/RoundedSelection_16x.png' error.
[2021.11.12-21.56.17:651][  0]LogSlate: Could not find file for Slate resource: ../../../Engine/Content/Editor/Slate/Niagara/Common/RoundedSelection_16x.png
[2021.11.12-21.56.17:651][  0]LogStreaming: Warning: Failed to read file '../../../Engine/Content/Editor/Slate/Niagara/Common/FlatButton.png' error.
[2021.11.12-21.56.17:651][  0]LogSlate: Could not find file for Slate resource: ../../../Engine/Content/Editor/Slate/Niagara/Common/FlatButton.png
[2021.11.12-21.56.17:651][  0]LogSlate: Could not find file for Slate resource: ../../../Engine/Content/Editor/Slate/Niagara/Common/DropZoneIndicator_Above.png
[2021.11.12-21.56.17:668][  0]LogImageWrapper: Warning: PNG Warning: Duplicate iCCP chunk
[2021.11.12-21.56.17:668][  0]LogImageWrapper: Warning: PNG Warning: Duplicate iCCP chunk
[2021.11.12-21.56.17:668][  0]LogPython: Using Python 3.7.7
[2021.11.12-21.56.18:331][  0]LogTcpMessaging: Initializing TcpMessaging bridge
[2021.11.12-21.56.18:336][  0]LogUdpMessaging: Initializing bridge on interface 0.0.0.0:0 to multicast group 230.0.0.1:6666.
[2021.11.12-21.56.18:526][  0]SourceControl: Source control is disabled
[2021.11.12-21.56.18:526][  0]SourceControl: Source control is disabled
[2021.11.12-21.56.18:530][  0]SourceControl: Source control is disabled
[2021.11.12-21.56.18:536][  0]SourceControl: Source control is disabled
[2021.11.12-21.56.18:543][  0]SourceControl: Source control is disabled
[2021.11.12-21.56.18:550][  0]LogUProjectInfo: Found projects:
[2021.11.12-21.56.18:561][  0]LogVSAccessor: Display: Unable to create Visual Studio setup instance: 80040154
[2021.11.12-21.56.18:563][  0]LogVSAccessor: Display: Unable to create Visual Studio setup instance: 80040154
[2021.11.12-21.56.18:563][  0]LogVSAccessor: Display: Unable to create Visual Studio setup instance: 80040154
[2021.11.12-21.56.18:730][  0]LogOpenImageDenoise: OIDN starting up
[2021.11.12-21.56.18:853][  0]LogAndroidPermission: UAndroidPermissionCallbackProxy::GetInstance
[2021.11.12-21.56.18:879][  0]LogAudioCaptureCore: Display: No Audio Capture implementations found. Audio input will be silent.
[2021.11.12-21.56.18:879][  0]LogAudioCaptureCore: Display: No Audio Capture implementations found. Audio input will be silent.
[2021.11.12-21.56.19:020][  0]LogCollectionManager: Loaded 0 collections in 0.001792 seconds
[2021.11.12-21.56.19:051][  0]LogFileCache: Scanning file cache for directory 'C:/Users/Manof/OneDrive/Documents/GitHub/Group61-FA21/Project/CS196_Project/Saved/Collections/' took 0.00s
[2021.11.12-21.56.19:051][  0]LogFileCache: Scanning file cache for directory 'C:/Users/Manof/OneDrive/Documents/GitHub/Group61-FA21/Project/CS196_Project/Content/Developers/Manof/Collections/' took 0.00s
[2021.11.12-21.56.19:051][  0]LogFileCache: Scanning file cache for directory 'C:/Users/Manof/OneDrive/Documents/GitHub/Group61-FA21/Project/CS196_Project/Content/Collections/' took 0.00s
[2021.11.12-21.56.19:051][  0]LogOcInput: OculusInput pre-init called
[2021.11.12-21.56.19:252][  0]LogStreaming: Warning: Failed to read file '../../../Engine/Content/Editor/Slate/Niagara/MenuSeparator.png' error.
[2021.11.12-21.56.19:252][  0]LogSlate: Could not find file for Slate resource: ../../../Engine/Content/Editor/Slate/Niagara/MenuSeparator.png
[2021.11.12-21.56.19:252][  0]LogImageWrapper: Warning: PNG Warning: Duplicate iCCP chunk
[2021.11.12-21.56.19:252][  0]LogStreaming: Warning: Failed to read file '../../../Engine/Content/Editor/Slate/Niagara/Common/Selector.png' error.
[2021.11.12-21.56.19:252][  0]LogSlate: Could not find file for Slate resource: ../../../Engine/Content/Editor/Slate/Niagara/Common/Selector.png
[2021.11.12-21.56.19:252][  0]LogStreaming: Warning: Failed to read file '../../../Engine/Content/Editor/Slate/Niagara/Common/Selection.png' error.
[2021.11.12-21.56.19:252][  0]LogSlate: Could not find file for Slate resource: ../../../Engine/Content/Editor/Slate/Niagara/Common/Selection.png
[2021.11.12-21.56.19:252][  0]LogStreaming: Warning: Failed to read file '../../../Engine/Content/Editor/Slate/Niagara/Common/DropZoneIndicator_Onto.png' error.
[2021.11.12-21.56.19:252][  0]LogSlate: Could not find file for Slate resource: ../../../Engine/Content/Editor/Slate/Niagara/Common/DropZoneIndicator_Onto.png
[2021.11.12-21.56.19:252][  0]LogStreaming: Warning: Failed to read file '../../../Engine/Content/Editor/Slate/Niagara/Common/DropZoneIndicator_Below.png' error.
[2021.11.12-21.56.19:252][  0]LogImageWrapper: Warning: PNG Warning: Duplicate iCCP chunk
[2021.11.12-21.56.19:252][  0]LogSlate: Could not find file for Slate resource: ../../../Engine/Content/Editor/Slate/Niagara/Common/DropZoneIndicator_Below.png
[2021.11.12-21.56.19:252][  0]LogStreaming: Warning: Failed to read file '../../../Engine/Content/Editor/Slate/Niagara/Common/DropZoneIndicator_Above.png' error.
[2021.11.12-21.56.19:252][  0]LogSlate: Could not find file for Slate resource: ../../../Engine/Content/Editor/Slate/Niagara/Common/DropZoneIndicator_Above.png
[2021.11.12-21.56.19:252][  0]LogStreaming: Warning: Failed to read file '../../../Engine/Content/Editor/Slate/Niagara/Common/FlatButton.png' error.
[2021.11.12-21.56.19:252][  0]LogSlate: Could not find file for Slate resource: ../../../Engine/Content/Editor/Slate/Niagara/Common/FlatButton.png
[2021.11.12-21.56.19:252][  0]LogStreaming: Warning: Failed to read file '../../../Engine/Content/Editor/Slate/Niagara/Common/RoundedSelection_16x.png' error.
[2021.11.12-21.56.19:252][  0]LogSlate: Could not find file for Slate resource: ../../../Engine/Content/Editor/Slate/Niagara/Common/RoundedSelection_16x.png
[2021.11.12-21.56.19:320][  0]LogEngine: Initializing Engine...
[2021.11.12-21.56.19:323][  0]LogHMD: Failed to enumerate extensions. Please check that you have a valid OpenXR runtime installed.
[2021.11.12-21.56.19:323][  0]LogHMD: Failed to initialize OpenVR with code 110
[2021.11.12-21.56.19:323][  0]LogMagicLeap: Warning: VR disabled because ZI is not enabled.  To enable, in the editor, Edit -> Project Settings -> Plugins -> Magic Leap Plugin -> Enable Zero Iteration
[2021.11.12-21.56.19:324][  0]LogStats: UGameplayTagsManager::InitializeManager -  0.000 s
[2021.11.12-21.56.19:464][  0]LogInit: Initializing FReadOnlyCVARCache
[2021.11.12-21.56.19:475][  0]LogAIModule: Creating AISystem for world Untitled
[2021.11.12-21.56.19:493][  0]LogAudio: Display: Initializing Audio Device Manager...
[2021.11.12-21.56.19:497][  0]LogAudio: Display: Loading Default Audio Settings Objects...
[2021.11.12-21.56.19:497][  0]LogAudio: Display: No default SoundConcurrencyObject specified (or failed to load).
[2021.11.12-21.56.19:498][  0]LogAudio: Display: Audio Device Manager Initialized
[2021.11.12-21.56.19:498][  0]LogAudio: Display: Creating Audio Device:                 Id: 1, Scope: Shared, Realtime: True
[2021.11.12-21.56.19:498][  0]LogAudioMixer: Display: Audio Mixer Platform Settings:
[2021.11.12-21.56.19:498][  0]LogAudioMixer: Display: 	Sample Rate:						  48000
[2021.11.12-21.56.19:498][  0]LogAudioMixer: Display: 	Callback Buffer Frame Size Requested: 1024
[2021.11.12-21.56.19:498][  0]LogAudioMixer: Display: 	Callback Buffer Frame Size To Use:	  1024
[2021.11.12-21.56.19:498][  0]LogAudioMixer: Display: 	Number of buffers to queue:			  2
[2021.11.12-21.56.19:498][  0]LogAudioMixer: Display: 	Max Channels (voices):				  32
[2021.11.12-21.56.19:498][  0]LogAudioMixer: Display: 	Number of Async Source Workers:		  0
[2021.11.12-21.56.19:498][  0]LogAudio: Display: AudioDevice MaxSources: 32
[2021.11.12-21.56.19:499][  0]LogAudio: Display: Audio Spatialization Plugin: None (built-in).
[2021.11.12-21.56.19:499][  0]LogAudio: Display: Audio Reverb Plugin: None (built-in).
[2021.11.12-21.56.19:499][  0]LogAudio: Display: Audio Occlusion Plugin: None (built-in).
[2021.11.12-21.56.19:499][  0]LogAudioMixer: Display: Initializing audio mixer.
[2021.11.12-21.56.19:511][  0]LogAudioMixer: Display: 0: FrontLeft
[2021.11.12-21.56.19:511][  0]LogAudioMixer: Display: 1: FrontRight
[2021.11.12-21.56.19:566][  0]LogAudioMixer: Display: Using Audio Device Speakers (Realtek(R) Audio)
[2021.11.12-21.56.19:567][  0]LogAudioMixer: Display: Initializing Sound Submixes...
[2021.11.12-21.56.19:570][  0]LogAudioMixer: Display: Creating Master Submix 'MasterSubmixDefault'
[2021.11.12-21.56.19:570][  0]LogAudioMixer: Display: Creating Master Submix 'MasterReverbSubmixDefault'
[2021.11.12-21.56.19:571][  0]LogAudioMixer: Display: Creating Master Submix 'MasterEQSubmixDefault'
[2021.11.12-21.56.19:572][  0]LogAudioMixer: FMixerPlatformXAudio2::StartAudioStream() called
[2021.11.12-21.56.19:572][  0]LogAudioMixer: Display: Output buffers initialized: Frames=1024, Channels=2, Samples=2048
[2021.11.12-21.56.19:573][  0]LogAudioMixer: Display: Starting AudioMixerPlatformInterface::RunInternal()
[2021.11.12-21.56.19:573][  0]LogAudioMixer: Display: FMixerPlatformXAudio2::SubmitBuffer() called for the first time
[2021.11.12-21.56.19:573][  0]LogInit: FAudioDevice initialized.
[2021.11.12-21.56.19:574][  0]LogAudio: Display: Audio Device (ID: 1) registered with world 'Untitled'.
[2021.11.12-21.56.19:574][  0]LogNetVersion: Set ProjectVersion to 1.0.0.0. Version Checksum will be recalculated on next use.
[2021.11.12-21.56.19:659][  0]LogDerivedDataCache: Saved boot cache 0.09s 95MB C:/Users/Manof/AppData/Local/UnrealEngine/4.27/DerivedDataCache/Boot.ddc.
[2021.11.12-21.56.19:660][  0]LogInit: Texture streaming: Enabled
[2021.11.12-21.56.19:674][  0]LogAnalytics: Display: [UEEditor.Rocket.Release] APIServer = https://datarouter.ol.epicgames.com/. AppVersion = 4.27.0-17155196+++UE4+Release-4.27
[2021.11.12-21.56.19:679][  0]LogEngineSessionManager: EngineSessionManager initialized
[2021.11.12-21.56.19:679][  0]LogEditorSessionSummary: Verbose: Initializing EditorSessionSummaryWriter for editor session tracking
[2021.11.12-21.56.19:684][  0]LogEditorSessionSummary: EditorSessionSummaryWriter initialized
[2021.11.12-21.56.19:730][  0]LogInit: Transaction tracking system initialized
[2021.11.12-21.56.19:754][  0]BlueprintLog: New page: Editor Load
[2021.11.12-21.56.19:836][  0]LocalizationService: Localization service is disabled
[2021.11.12-21.56.19:870][  0]TimingProfiler: Initialize
[2021.11.12-21.56.19:870][  0]TimingProfiler: OnSessionChanged
[2021.11.12-21.56.19:870][  0]LoadingProfiler: Initialize
[2021.11.12-21.56.19:870][  0]LoadingProfiler: OnSessionChanged
[2021.11.12-21.56.19:870][  0]NetworkingProfiler: Initialize
[2021.11.12-21.56.19:870][  0]NetworkingProfiler: OnSessionChanged
[2021.11.12-21.56.19:870][  0]MemoryProfiler: Initialize
[2021.11.12-21.56.19:870][  0]MemoryProfiler: OnSessionChanged
[2021.11.12-21.56.19:947][  0]LogVSAccessor: Display: Unable to create Visual Studio setup instance: 80040154
[2021.11.12-21.56.19:948][  0]LogVSAccessor: Display: Unable to create Visual Studio setup instance: 80040154
[2021.11.12-21.56.19:949][  0]LogVSAccessor: Display: Unable to create Visual Studio setup instance: 80040154
[2021.11.12-21.56.20:064][  0]LogCook: Display: CookSettings for Memory: MemoryMaxUsedVirtual 0MiB, MemoryMaxUsedPhysical 16384MiB, MemoryMinFreeVirtual 0MiB, MemoryMinFreePhysical 1024MiB
[2021.11.12-21.56.20:064][  0]LogCook: Display: Mobile HDR setting 1
[2021.11.12-21.56.20:290][  0]LogFileCache: Scanning file cache for directory 'C:/Users/Manof/OneDrive/Documents/GitHub/Group61-FA21/Project/CS196_Project/Content/' took 0.01s
[2021.11.12-21.56.20:460][  0]LogStreaming: Warning: Failed to read file '../../../Engine/Content/Editor/Slate/Niagara/MenuSeparator.png' error.
[2021.11.12-21.56.20:460][  0]LogSlate: Could not find file for Slate resource: ../../../Engine/Content/Editor/Slate/Niagara/MenuSeparator.png
[2021.11.12-21.56.20:460][  0]LogImageWrapper: Warning: PNG Warning: Duplicate iCCP chunk
[2021.11.12-21.56.20:460][  0]LogImageWrapper: Warning: PNG Warning: Duplicate iCCP chunk
[2021.11.12-21.56.20:460][  0]LogStreaming: Warning: Failed to read file '../../../Engine/Content/Editor/Slate/Niagara/Common/Selector.png' error.
[2021.11.12-21.56.20:460][  0]LogSlate: Could not find file for Slate resource: ../../../Engine/Content/Editor/Slate/Niagara/Common/Selector.png
[2021.11.12-21.56.20:460][  0]LogStreaming: Warning: Failed to read file '../../../Engine/Content/Editor/Slate/Niagara/Common/Selection.png' error.
[2021.11.12-21.56.20:460][  0]LogSlate: Could not find file for Slate resource: ../../../Engine/Content/Editor/Slate/Niagara/Common/Selection.png
[2021.11.12-21.56.20:460][  0]LogStreaming: Warning: Failed to read file '../../../Engine/Content/Editor/Slate/Niagara/Common/DropZoneIndicator_Onto.png' error.
[2021.11.12-21.56.20:460][  0]LogStreaming: Warning: Failed to read file '../../../Engine/Content/Editor/Slate/Niagara/Common/DropZoneIndicator_Below.png' error.
[2021.11.12-21.56.20:460][  0]LogSlate: Could not find file for Slate resource: ../../../Engine/Content/Editor/Slate/Niagara/Common/DropZoneIndicator_Below.png
[2021.11.12-21.56.20:460][  0]LogStreaming: Warning: Failed to read file '../../../Engine/Content/Editor/Slate/Niagara/Common/RoundedSelection_16x.png' error.
[2021.11.12-21.56.20:460][  0]LogSlate: Could not find file for Slate resource: ../../../Engine/Content/Editor/Slate/Niagara/Common/RoundedSelection_16x.png
[2021.11.12-21.56.20:462][  0]LogStreaming: Warning: Failed to read file '../../../Engine/Content/Editor/Slate/Niagara/Common/FlatButton.png' error.
[2021.11.12-21.56.20:462][  0]LogSlate: Could not find file for Slate resource: ../../../Engine/Content/Editor/Slate/Niagara/Common/FlatButton.png
[2021.11.12-21.56.20:462][  0]LogSlate: Could not find file for Slate resource: ../../../Engine/Content/Editor/Slate/Niagara/Common/DropZoneIndicator_Onto.png
[2021.11.12-21.56.20:511][  0]LogStreaming: Warning: Failed to read file '../../../Engine/Content/Editor/Slate/Niagara/Common/DropZoneIndicator_Above.png' error.
[2021.11.12-21.56.20:511][  0]LogSlate: Could not find file for Slate resource: ../../../Engine/Content/Editor/Slate/Niagara/Common/DropZoneIndicator_Above.png
[2021.11.12-21.56.20:518][  0]LogInit: Display: Engine is initialized. Leaving FEngineLoop::Init()
[2021.11.12-21.56.20:523][  0]SourceControl: Source control is disabled
[2021.11.12-21.56.20:523][  0]LogUnrealEdMisc: Loading editor; pre map load, took 7.729
[2021.11.12-21.56.20:523][  0]Cmd: MAP LOAD FILE="../../../../../../Users/Manof/OneDrive/Documents/GitHub/Group61-FA21/Project/CS196_Project/Content/StarterContent/Maps/Minimal_Default.umap" TEMPLATE=0 SHOWPROGRESS=1 FEATURELEVEL=3
[2021.11.12-21.56.20:524][  0]LightingResults: New page: Lighting Build
[2021.11.12-21.56.20:526][  0]LogWorld: UWorld::CleanupWorld for Untitled, bSessionEnded=true, bCleanupResources=true
[2021.11.12-21.56.20:526][  0]LogSlate: InvalidateAllWidgets triggered.  All widgets were invalidated
[2021.11.12-21.56.20:526][  0]MapCheck: New page: Map Check
[2021.11.12-21.56.20:526][  0]LightingResults: New page: Lighting Build
[2021.11.12-21.56.20:650][  0]LogAudio: Display: Audio Device unregistered from world 'None'.
[2021.11.12-21.56.20:653][  0]LogUObjectHash: Compacting FUObjectHashTables data took   0.89ms
[2021.11.12-21.56.20:792][  0]LogAudio: Display: Audio Device (ID: 1) registered with world 'Minimal_Default'.
[2021.11.12-21.56.20:793][  0]LogAIModule: Creating AISystem for world Minimal_Default
[2021.11.12-21.56.21:267][  0]LogEditorServer: Finished looking for orphan Actors (0.000 secs)
[2021.11.12-21.56.21:705][  0]LogUObjectHash: Compacting FUObjectHashTables data took   0.76ms
[2021.11.12-21.56.21:705][  0]Cmd: MAP CHECKDEP NOCLEARLOG
[2021.11.12-21.56.21:705][  0]MapCheck: Map check complete: 0 Error(s), 0 Warning(s), took 0.253ms to complete.
[2021.11.12-21.56.21:705][  0]LogFileHelpers: Loading map 'Minimal_Default' took 1.182
[2021.11.12-21.56.21:708][  0]LogUnrealEdMisc: Total Editor Startup Time, took 8.913
[2021.11.12-21.56.21:919][  0]LogSlate: Updating window title bar state: overlay mode, drag disabled, window buttons hidden, title bar hidden
[2021.11.12-21.56.21:926][  0]LogSlate: Updating window title bar state: overlay mode, drag disabled, window buttons hidden, title bar hidden
[2021.11.12-21.56.21:933][  0]LogSlate: Updating window title bar state: overlay mode, drag disabled, window buttons hidden, title bar hidden
[2021.11.12-21.56.21:940][  0]LogSlate: Updating window title bar state: overlay mode, drag disabled, window buttons hidden, title bar hidden
[2021.11.12-21.56.21:958][  0]LogNativeClassHierarchy: Verbose: Native class hierarchy populated in 0.0106 seconds. Added 3822 classes and 928 folders.
[2021.11.12-21.56.21:962][  0]LogNativeClassHierarchy: Verbose: Native class hierarchy updated for 'WidgetCarousel' in 0.0003 seconds. Added 0 classes and 0 folders.
[2021.11.12-21.56.21:963][  0]LogPakFile: PakFile PrimaryIndexSize=187
[2021.11.12-21.56.21:963][  0]LogPakFile: PakFile PathHashIndexSize=101
[2021.11.12-21.56.21:963][  0]LogPakFile: PakFile FullDirectoryIndexSize=148
[2021.11.12-21.56.21:963][  0]LogShaderLibrary: Display: ShaderCodeLibraryPakFileMountedCallback: PakFile 'C:/Program Files/Epic Games/UE_4.27/FeaturePacks/FP_FirstPerson.upack' (chunk index -1, root 'root:/') mounted
[2021.11.12-21.56.21:963][  0]LogShaderLibrary: Display: ShaderCodeLibraryPakFileMountedCallback: pending pak file info (ChunkID:-1 Root:root:/ File:C:/Program Files/Epic Games/UE_4.27/FeaturePacks/FP_FirstPerson.upack)
[2021.11.12-21.56.21:963][  0]LogPakFile: OnPakFileMounted2Time == 0.000058
[2021.11.12-21.56.21:964][  0]LogPakFile: PakFile PrimaryIndexSize=189
[2021.11.12-21.56.21:964][  0]LogPakFile: PakFile PathHashIndexSize=101
[2021.11.12-21.56.21:964][  0]LogPakFile: PakFile FullDirectoryIndexSize=152
[2021.11.12-21.56.21:964][  0]LogShaderLibrary: Display: ShaderCodeLibraryPakFileMountedCallback: PakFile 'C:/Program Files/Epic Games/UE_4.27/FeaturePacks/FP_FirstPersonBP.upack' (chunk index -1, root 'root:/') mounted
[2021.11.12-21.56.21:964][  0]LogShaderLibrary: Display: ShaderCodeLibraryPakFileMountedCallback: pending pak file info (ChunkID:-1 Root:root:/ File:C:/Program Files/Epic Games/UE_4.27/FeaturePacks/FP_FirstPersonBP.upack)
[2021.11.12-21.56.21:964][  0]LogPakFile: OnPakFileMounted2Time == 0.000043
[2021.11.12-21.56.21:965][  0]LogPakFile: PakFile PrimaryIndexSize=191
[2021.11.12-21.56.21:965][  0]LogPakFile: PakFile PathHashIndexSize=101
[2021.11.12-21.56.21:965][  0]LogPakFile: PakFile FullDirectoryIndexSize=160
[2021.11.12-21.56.21:965][  0]LogShaderLibrary: Display: ShaderCodeLibraryPakFileMountedCallback: PakFile 'C:/Program Files/Epic Games/UE_4.27/FeaturePacks/MobileStarterContent.upack' (chunk index -1, root 'root:/') mounted
[2021.11.12-21.56.21:965][  0]LogShaderLibrary: Display: ShaderCodeLibraryPakFileMountedCallback: pending pak file info (ChunkID:-1 Root:root:/ File:C:/Program Files/Epic Games/UE_4.27/FeaturePacks/MobileStarterContent.upack)
[2021.11.12-21.56.21:965][  0]LogPakFile: OnPakFileMounted2Time == 0.000046
[2021.11.12-21.56.21:966][  0]LogPakFile: PakFile PrimaryIndexSize=185
[2021.11.12-21.56.21:966][  0]LogPakFile: PakFile PathHashIndexSize=101
[2021.11.12-21.56.21:966][  0]LogPakFile: PakFile FullDirectoryIndexSize=148
[2021.11.12-21.56.21:966][  0]LogShaderLibrary: Display: ShaderCodeLibraryPakFileMountedCallback: PakFile 'C:/Program Files/Epic Games/UE_4.27/FeaturePacks/StarterContent.upack' (chunk index -1, root 'root:/') mounted
[2021.11.12-21.56.21:966][  0]LogShaderLibrary: Display: ShaderCodeLibraryPakFileMountedCallback: pending pak file info (ChunkID:-1 Root:root:/ File:C:/Program Files/Epic Games/UE_4.27/FeaturePacks/StarterContent.upack)
[2021.11.12-21.56.21:966][  0]LogPakFile: OnPakFileMounted2Time == 0.000044
[2021.11.12-21.56.21:967][  0]LogPakFile: PakFile PrimaryIndexSize=190
[2021.11.12-21.56.21:967][  0]LogPakFile: PakFile PathHashIndexSize=101
[2021.11.12-21.56.21:967][  0]LogPakFile: PakFile FullDirectoryIndexSize=154
[2021.11.12-21.56.21:967][  0]LogShaderLibrary: Display: ShaderCodeLibraryPakFileMountedCallback: PakFile 'C:/Program Files/Epic Games/UE_4.27/FeaturePacks/TP_2DSideScroller.upack' (chunk index -1, root 'root:/') mounted
[2021.11.12-21.56.21:967][  0]LogShaderLibrary: Display: ShaderCodeLibraryPakFileMountedCallback: pending pak file info (ChunkID:-1 Root:root:/ File:C:/Program Files/Epic Games/UE_4.27/FeaturePacks/TP_2DSideScroller.upack)
[2021.11.12-21.56.21:967][  0]LogPakFile: OnPakFileMounted2Time == 0.000043
[2021.11.12-21.56.21:968][  0]LogPakFile: PakFile PrimaryIndexSize=192
[2021.11.12-21.56.21:968][  0]LogPakFile: PakFile PathHashIndexSize=101
[2021.11.12-21.56.21:968][  0]LogPakFile: PakFile FullDirectoryIndexSize=158
[2021.11.12-21.56.21:968][  0]LogShaderLibrary: Display: ShaderCodeLibraryPakFileMountedCallback: PakFile 'C:/Program Files/Epic Games/UE_4.27/FeaturePacks/TP_2DSideScrollerBP.upack' (chunk index -1, root 'root:/') mounted
[2021.11.12-21.56.21:968][  0]LogShaderLibrary: Display: ShaderCodeLibraryPakFileMountedCallback: pending pak file info (ChunkID:-1 Root:root:/ File:C:/Program Files/Epic Games/UE_4.27/FeaturePacks/TP_2DSideScrollerBP.upack)
[2021.11.12-21.56.21:968][  0]LogPakFile: OnPakFileMounted2Time == 0.000041
[2021.11.12-21.56.21:968][  0]LogPakFile: PakFile PrimaryIndexSize=182
[2021.11.12-21.56.21:968][  0]LogPakFile: PakFile PathHashIndexSize=101
[2021.11.12-21.56.21:968][  0]LogPakFile: PakFile FullDirectoryIndexSize=138
[2021.11.12-21.56.21:968][  0]LogShaderLibrary: Display: ShaderCodeLibraryPakFileMountedCallback: PakFile 'C:/Program Files/Epic Games/UE_4.27/FeaturePacks/TP_Flying.upack' (chunk index -1, root 'root:/') mounted
[2021.11.12-21.56.21:968][  0]LogShaderLibrary: Display: ShaderCodeLibraryPakFileMountedCallback: pending pak file info (ChunkID:-1 Root:root:/ File:C:/Program Files/Epic Games/UE_4.27/FeaturePacks/TP_Flying.upack)
[2021.11.12-21.56.21:969][  0]LogPakFile: OnPakFileMounted2Time == 0.000042
[2021.11.12-21.56.21:969][  0]LogPakFile: PakFile PrimaryIndexSize=184
[2021.11.12-21.56.21:969][  0]LogPakFile: PakFile PathHashIndexSize=101
[2021.11.12-21.56.21:969][  0]LogPakFile: PakFile FullDirectoryIndexSize=142
[2021.11.12-21.56.21:969][  0]LogShaderLibrary: Display: ShaderCodeLibraryPakFileMountedCallback: PakFile 'C:/Program Files/Epic Games/UE_4.27/FeaturePacks/TP_FlyingBP.upack' (chunk index -1, root 'root:/') mounted
[2021.11.12-21.56.21:969][  0]LogShaderLibrary: Display: ShaderCodeLibraryPakFileMountedCallback: pending pak file info (ChunkID:-1 Root:root:/ File:C:/Program Files/Epic Games/UE_4.27/FeaturePacks/TP_FlyingBP.upack)
[2021.11.12-21.56.21:969][  0]LogPakFile: OnPakFileMounted2Time == 0.000038
[2021.11.12-21.56.21:970][  0]LogPakFile: PakFile PrimaryIndexSize=188
[2021.11.12-21.56.21:970][  0]LogPakFile: PakFile PathHashIndexSize=101
[2021.11.12-21.56.21:970][  0]LogPakFile: PakFile FullDirectoryIndexSize=150
[2021.11.12-21.56.21:970][  0]LogShaderLibrary: Display: ShaderCodeLibraryPakFileMountedCallback: PakFile 'C:/Program Files/Epic Games/UE_4.27/FeaturePacks/TP_HandheldARBP.upack' (chunk index -1, root 'root:/') mounted
[2021.11.12-21.56.21:970][  0]LogShaderLibrary: Display: ShaderCodeLibraryPakFileMountedCallback: pending pak file info (ChunkID:-1 Root:root:/ File:C:/Program Files/Epic Games/UE_4.27/FeaturePacks/TP_HandheldARBP.upack)
[2021.11.12-21.56.21:970][  0]LogPakFile: OnPakFileMounted2Time == 0.000042
[2021.11.12-21.56.21:971][  0]LogPakFile: PakFile PrimaryIndexSize=182
[2021.11.12-21.56.21:971][  0]LogPakFile: PakFile PathHashIndexSize=101
[2021.11.12-21.56.21:971][  0]LogPakFile: PakFile FullDirectoryIndexSize=138
[2021.11.12-21.56.21:971][  0]LogShaderLibrary: Display: ShaderCodeLibraryPakFileMountedCallback: PakFile 'C:/Program Files/Epic Games/UE_4.27/FeaturePacks/TP_Puzzle.upack' (chunk index -1, root 'root:/') mounted
[2021.11.12-21.56.21:971][  0]LogShaderLibrary: Display: ShaderCodeLibraryPakFileMountedCallback: pending pak file info (ChunkID:-1 Root:root:/ File:C:/Program Files/Epic Games/UE_4.27/FeaturePacks/TP_Puzzle.upack)
[2021.11.12-21.56.21:971][  0]LogPakFile: OnPakFileMounted2Time == 0.000038
[2021.11.12-21.56.21:972][  0]LogPakFile: PakFile PrimaryIndexSize=184
[2021.11.12-21.56.21:972][  0]LogPakFile: PakFile PathHashIndexSize=101
[2021.11.12-21.56.21:972][  0]LogPakFile: PakFile FullDirectoryIndexSize=142
[2021.11.12-21.56.21:972][  0]LogShaderLibrary: Display: ShaderCodeLibraryPakFileMountedCallback: PakFile 'C:/Program Files/Epic Games/UE_4.27/FeaturePacks/TP_PuzzleBP.upack' (chunk index -1, root 'root:/') mounted
[2021.11.12-21.56.21:972][  0]LogShaderLibrary: Display: ShaderCodeLibraryPakFileMountedCallback: pending pak file info (ChunkID:-1 Root:root:/ File:C:/Program Files/Epic Games/UE_4.27/FeaturePacks/TP_PuzzleBP.upack)
[2021.11.12-21.56.21:972][  0]LogPakFile: OnPakFileMounted2Time == 0.000039
[2021.11.12-21.56.21:973][  0]LogPakFile: PakFile PrimaryIndexSize=183
[2021.11.12-21.56.21:973][  0]LogPakFile: PakFile PathHashIndexSize=101
[2021.11.12-21.56.21:973][  0]LogPakFile: PakFile FullDirectoryIndexSize=140
[2021.11.12-21.56.21:973][  0]LogShaderLibrary: Display: ShaderCodeLibraryPakFileMountedCallback: PakFile 'C:/Program Files/Epic Games/UE_4.27/FeaturePacks/TP_Rolling.upack' (chunk index -1, root 'root:/') mounted
[2021.11.12-21.56.21:973][  0]LogShaderLibrary: Display: ShaderCodeLibraryPakFileMountedCallback: pending pak file info (ChunkID:-1 Root:root:/ File:C:/Program Files/Epic Games/UE_4.27/FeaturePacks/TP_Rolling.upack)
[2021.11.12-21.56.21:973][  0]LogPakFile: OnPakFileMounted2Time == 0.000034
[2021.11.12-21.56.21:973][  0]LogPakFile: PakFile PrimaryIndexSize=185
[2021.11.12-21.56.21:973][  0]LogPakFile: PakFile PathHashIndexSize=101
[2021.11.12-21.56.21:973][  0]LogPakFile: PakFile FullDirectoryIndexSize=144
[2021.11.12-21.56.21:973][  0]LogShaderLibrary: Display: ShaderCodeLibraryPakFileMountedCallback: PakFile 'C:/Program Files/Epic Games/UE_4.27/FeaturePacks/TP_RollingBP.upack' (chunk index -1, root 'root:/') mounted
[2021.11.12-21.56.21:973][  0]LogShaderLibrary: Display: ShaderCodeLibraryPakFileMountedCallback: pending pak file info (ChunkID:-1 Root:root:/ File:C:/Program Files/Epic Games/UE_4.27/FeaturePacks/TP_RollingBP.upack)
[2021.11.12-21.56.21:973][  0]LogPakFile: OnPakFileMounted2Time == 0.000042
[2021.11.12-21.56.21:974][  0]LogPakFile: PakFile PrimaryIndexSize=188
[2021.11.12-21.56.21:974][  0]LogPakFile: PakFile PathHashIndexSize=101
[2021.11.12-21.56.21:974][  0]LogPakFile: PakFile FullDirectoryIndexSize=150
[2021.11.12-21.56.21:974][  0]LogShaderLibrary: Display: ShaderCodeLibraryPakFileMountedCallback: PakFile 'C:/Program Files/Epic Games/UE_4.27/FeaturePacks/TP_SideScroller.upack' (chunk index -1, root 'root:/') mounted
[2021.11.12-21.56.21:974][  0]LogShaderLibrary: Display: ShaderCodeLibraryPakFileMountedCallback: pending pak file info (ChunkID:-1 Root:root:/ File:C:/Program Files/Epic Games/UE_4.27/FeaturePacks/TP_SideScroller.upack)
[2021.11.12-21.56.21:974][  0]LogPakFile: OnPakFileMounted2Time == 0.000037
[2021.11.12-21.56.21:975][  0]LogPakFile: PakFile PrimaryIndexSize=190
[2021.11.12-21.56.21:975][  0]LogPakFile: PakFile PathHashIndexSize=101
[2021.11.12-21.56.21:975][  0]LogPakFile: PakFile FullDirectoryIndexSize=154
[2021.11.12-21.56.21:975][  0]LogShaderLibrary: Display: ShaderCodeLibraryPakFileMountedCallback: PakFile 'C:/Program Files/Epic Games/UE_4.27/FeaturePacks/TP_SideScrollerBP.upack' (chunk index -1, root 'root:/') mounted
[2021.11.12-21.56.21:975][  0]LogShaderLibrary: Display: ShaderCodeLibraryPakFileMountedCallback: pending pak file info (ChunkID:-1 Root:root:/ File:C:/Program Files/Epic Games/UE_4.27/FeaturePacks/TP_SideScrollerBP.upack)
[2021.11.12-21.56.21:975][  0]LogPakFile: OnPakFileMounted2Time == 0.000035
[2021.11.12-21.56.21:976][  0]LogPakFile: PakFile PrimaryIndexSize=187
[2021.11.12-21.56.21:976][  0]LogPakFile: PakFile PathHashIndexSize=101
[2021.11.12-21.56.21:976][  0]LogPakFile: PakFile FullDirectoryIndexSize=148
[2021.11.12-21.56.21:976][  0]LogShaderLibrary: Display: ShaderCodeLibraryPakFileMountedCallback: PakFile 'C:/Program Files/Epic Games/UE_4.27/FeaturePacks/TP_ThirdPerson.upack' (chunk index -1, root 'root:/') mounted
[2021.11.12-21.56.21:976][  0]LogShaderLibrary: Display: ShaderCodeLibraryPakFileMountedCallback: pending pak file info (ChunkID:-1 Root:root:/ File:C:/Program Files/Epic Games/UE_4.27/FeaturePacks/TP_ThirdPerson.upack)
[2021.11.12-21.56.21:976][  0]LogPakFile: OnPakFileMounted2Time == 0.000070
[2021.11.12-21.56.21:976][  0]LogPakFile: PakFile PrimaryIndexSize=189
[2021.11.12-21.56.21:976][  0]LogPakFile: PakFile PathHashIndexSize=101
[2021.11.12-21.56.21:976][  0]LogPakFile: PakFile FullDirectoryIndexSize=152
[2021.11.12-21.56.21:977][  0]LogShaderLibrary: Display: ShaderCodeLibraryPakFileMountedCallback: PakFile 'C:/Program Files/Epic Games/UE_4.27/FeaturePacks/TP_ThirdPersonBP.upack' (chunk index -1, root 'root:/') mounted
[2021.11.12-21.56.21:977][  0]LogShaderLibrary: Display: ShaderCodeLibraryPakFileMountedCallback: pending pak file info (ChunkID:-1 Root:root:/ File:C:/Program Files/Epic Games/UE_4.27/FeaturePacks/TP_ThirdPersonBP.upack)
[2021.11.12-21.56.21:977][  0]LogPakFile: OnPakFileMounted2Time == 0.000044
[2021.11.12-21.56.21:977][  0]LogPakFile: PakFile PrimaryIndexSize=183
[2021.11.12-21.56.21:977][  0]LogPakFile: PakFile PathHashIndexSize=101
[2021.11.12-21.56.21:977][  0]LogPakFile: PakFile FullDirectoryIndexSize=140
[2021.11.12-21.56.21:977][  0]LogShaderLibrary: Display: ShaderCodeLibraryPakFileMountedCallback: PakFile 'C:/Program Files/Epic Games/UE_4.27/FeaturePacks/TP_TopDown.upack' (chunk index -1, root 'root:/') mounted
[2021.11.12-21.56.21:977][  0]LogShaderLibrary: Display: ShaderCodeLibraryPakFileMountedCallback: pending pak file info (ChunkID:-1 Root:root:/ File:C:/Program Files/Epic Games/UE_4.27/FeaturePacks/TP_TopDown.upack)
[2021.11.12-21.56.21:977][  0]LogPakFile: OnPakFileMounted2Time == 0.000046
[2021.11.12-21.56.21:978][  0]LogPakFile: PakFile PrimaryIndexSize=185
[2021.11.12-21.56.21:978][  0]LogPakFile: PakFile PathHashIndexSize=101
[2021.11.12-21.56.21:978][  0]LogPakFile: PakFile FullDirectoryIndexSize=144
[2021.11.12-21.56.21:978][  0]LogShaderLibrary: Display: ShaderCodeLibraryPakFileMountedCallback: PakFile 'C:/Program Files/Epic Games/UE_4.27/FeaturePacks/TP_TopDownBP.upack' (chunk index -1, root 'root:/') mounted
[2021.11.12-21.56.21:978][  0]LogShaderLibrary: Display: ShaderCodeLibraryPakFileMountedCallback: pending pak file info (ChunkID:-1 Root:root:/ File:C:/Program Files/Epic Games/UE_4.27/FeaturePacks/TP_TopDownBP.upack)
[2021.11.12-21.56.21:978][  0]LogPakFile: OnPakFileMounted2Time == 0.000039
[2021.11.12-21.56.21:979][  0]LogPakFile: PakFile PrimaryIndexSize=185
[2021.11.12-21.56.21:979][  0]LogPakFile: PakFile PathHashIndexSize=101
[2021.11.12-21.56.21:979][  0]LogPakFile: PakFile FullDirectoryIndexSize=144
[2021.11.12-21.56.21:979][  0]LogShaderLibrary: Display: ShaderCodeLibraryPakFileMountedCallback: PakFile 'C:/Program Files/Epic Games/UE_4.27/FeaturePacks/TP_TwinStick.upack' (chunk index -1, root 'root:/') mounted
[2021.11.12-21.56.21:979][  0]LogShaderLibrary: Display: ShaderCodeLibraryPakFileMountedCallback: pending pak file info (ChunkID:-1 Root:root:/ File:C:/Program Files/Epic Games/UE_4.27/FeaturePacks/TP_TwinStick.upack)
[2021.11.12-21.56.21:979][  0]LogPakFile: OnPakFileMounted2Time == 0.000035
[2021.11.12-21.56.21:979][  0]LogPakFile: PakFile PrimaryIndexSize=187
[2021.11.12-21.56.21:979][  0]LogPakFile: PakFile PathHashIndexSize=101
[2021.11.12-21.56.21:979][  0]LogPakFile: PakFile FullDirectoryIndexSize=148
[2021.11.12-21.56.21:979][  0]LogShaderLibrary: Display: ShaderCodeLibraryPakFileMountedCallback: PakFile 'C:/Program Files/Epic Games/UE_4.27/FeaturePacks/TP_TwinStickBP.upack' (chunk index -1, root 'root:/') mounted
[2021.11.12-21.56.21:979][  0]LogShaderLibrary: Display: ShaderCodeLibraryPakFileMountedCallback: pending pak file info (ChunkID:-1 Root:root:/ File:C:/Program Files/Epic Games/UE_4.27/FeaturePacks/TP_TwinStickBP.upack)
[2021.11.12-21.56.21:979][  0]LogPakFile: OnPakFileMounted2Time == 0.000035
[2021.11.12-21.56.21:980][  0]LogPakFile: PakFile PrimaryIndexSize=183
[2021.11.12-21.56.21:980][  0]LogPakFile: PakFile PathHashIndexSize=101
[2021.11.12-21.56.21:980][  0]LogPakFile: PakFile FullDirectoryIndexSize=140
[2021.11.12-21.56.21:980][  0]LogShaderLibrary: Display: ShaderCodeLibraryPakFileMountedCallback: PakFile 'C:/Program Files/Epic Games/UE_4.27/FeaturePacks/TP_Vehicle.upack' (chunk index -1, root 'root:/') mounted
[2021.11.12-21.56.21:980][  0]LogShaderLibrary: Display: ShaderCodeLibraryPakFileMountedCallback: pending pak file info (ChunkID:-1 Root:root:/ File:C:/Program Files/Epic Games/UE_4.27/FeaturePacks/TP_Vehicle.upack)
[2021.11.12-21.56.21:980][  0]LogPakFile: OnPakFileMounted2Time == 0.000036
[2021.11.12-21.56.21:981][  0]LogPakFile: PakFile PrimaryIndexSize=186
[2021.11.12-21.56.21:981][  0]LogPakFile: PakFile PathHashIndexSize=101
[2021.11.12-21.56.21:981][  0]LogPakFile: PakFile FullDirectoryIndexSize=146
[2021.11.12-21.56.21:981][  0]LogShaderLibrary: Display: ShaderCodeLibraryPakFileMountedCallback: PakFile 'C:/Program Files/Epic Games/UE_4.27/FeaturePacks/TP_VehicleAdv.upack' (chunk index -1, root 'root:/') mounted
[2021.11.12-21.56.21:981][  0]LogShaderLibrary: Display: ShaderCodeLibraryPakFileMountedCallback: pending pak file info (ChunkID:-1 Root:root:/ File:C:/Program Files/Epic Games/UE_4.27/FeaturePacks/TP_VehicleAdv.upack)
[2021.11.12-21.56.21:981][  0]LogPakFile: OnPakFileMounted2Time == 0.000033
[2021.11.12-21.56.21:981][  0]LogPakFile: PakFile PrimaryIndexSize=188
[2021.11.12-21.56.21:981][  0]LogPakFile: PakFile PathHashIndexSize=101
[2021.11.12-21.56.21:981][  0]LogPakFile: PakFile FullDirectoryIndexSize=150
[2021.11.12-21.56.21:981][  0]LogShaderLibrary: Display: ShaderCodeLibraryPakFileMountedCallback: PakFile 'C:/Program Files/Epic Games/UE_4.27/FeaturePacks/TP_VehicleAdvBP.upack' (chunk index -1, root 'root:/') mounted
[2021.11.12-21.56.21:981][  0]LogShaderLibrary: Display: ShaderCodeLibraryPakFileMountedCallback: pending pak file info (ChunkID:-1 Root:root:/ File:C:/Program Files/Epic Games/UE_4.27/FeaturePacks/TP_VehicleAdvBP.upack)
[2021.11.12-21.56.21:981][  0]LogPakFile: OnPakFileMounted2Time == 0.000035
[2021.11.12-21.56.21:982][  0]LogPakFile: PakFile PrimaryIndexSize=185
[2021.11.12-21.56.21:982][  0]LogPakFile: PakFile PathHashIndexSize=101
[2021.11.12-21.56.21:982][  0]LogPakFile: PakFile FullDirectoryIndexSize=144
[2021.11.12-21.56.21:982][  0]LogShaderLibrary: Display: ShaderCodeLibraryPakFileMountedCallback: PakFile 'C:/Program Files/Epic Games/UE_4.27/FeaturePacks/TP_VehicleBP.upack' (chunk index -1, root 'root:/') mounted
[2021.11.12-21.56.21:982][  0]LogShaderLibrary: Display: ShaderCodeLibraryPakFileMountedCallback: pending pak file info (ChunkID:-1 Root:root:/ File:C:/Program Files/Epic Games/UE_4.27/FeaturePacks/TP_VehicleBP.upack)
[2021.11.12-21.56.21:982][  0]LogPakFile: OnPakFileMounted2Time == 0.000036
[2021.11.12-21.56.21:983][  0]LogPakFile: PakFile PrimaryIndexSize=192
[2021.11.12-21.56.21:983][  0]LogPakFile: PakFile PathHashIndexSize=101
[2021.11.12-21.56.21:983][  0]LogPakFile: PakFile FullDirectoryIndexSize=158
[2021.11.12-21.56.21:983][  0]LogShaderLibrary: Display: ShaderCodeLibraryPakFileMountedCallback: PakFile 'C:/Program Files/Epic Games/UE_4.27/FeaturePacks/TP_VirtualRealityBP.upack' (chunk index -1, root 'root:/') mounted
[2021.11.12-21.56.21:983][  0]LogShaderLibrary: Display: ShaderCodeLibraryPakFileMountedCallback: pending pak file info (ChunkID:-1 Root:root:/ File:C:/Program Files/Epic Games/UE_4.27/FeaturePacks/TP_VirtualRealityBP.upack)
[2021.11.12-21.56.21:983][  0]LogPakFile: OnPakFileMounted2Time == 0.000038
[2021.11.12-21.56.22:036][  0]LogNativeClassHierarchy: Verbose: Native class hierarchy updated for 'AddContentDialog' in 0.0003 seconds. Added 0 classes and 0 folders.
[2021.11.12-21.56.22:038][  0]LogNativeClassHierarchy: Verbose: Native class hierarchy updated for 'SceneOutliner' in 0.0003 seconds. Added 2 classes and 0 folders.
[2021.11.12-21.56.22:155][  0]LogSlate: Took 0.000260 seconds to synchronously load lazily loaded font '../../../Engine/Content/Slate/Fonts/Roboto-Regular.ttf' (155K)
[2021.11.12-21.56.22:157][  0]LogSlate: Took 0.000216 seconds to synchronously load lazily loaded font '../../../Engine/Content/Editor/Slate/Fonts/FontAwesome.ttf' (139K)
[2021.11.12-21.56.22:158][  0]LogSlate: Took 0.000241 seconds to synchronously load lazily loaded font '../../../Engine/Content/Slate/Fonts/Roboto-Bold.ttf' (160K)
[2021.11.12-21.56.22:242][  0]LogRenderer: Reallocating scene render targets to support 616x236 Format 10 NumSamples 1 (Frame:1).
[2021.11.12-21.56.22:434][  0]LogNativeClassHierarchy: Verbose: Native class hierarchy updated for 'HierarchicalLODOutliner' in 0.0004 seconds. Added 0 classes and 0 folders.
[2021.11.12-21.56.22:434][  0]LogLoad: (Engine Initialization) Total time: 9.64 seconds
[2021.11.12-21.56.22:434][  0]LogLoad: (Engine Initialization) Total Blueprint compile time: 0.00 seconds
[2021.11.12-21.56.22:493][  0]LogAssetRegistry: Asset discovery search completed in 6.0667 seconds
[2021.11.12-21.56.22:500][  0]LogCollectionManager: Fixed up redirectors for 0 collections in 0.000003 seconds (updated 0 objects)
[2021.11.12-21.56.22:503][  0]LogContentStreaming: Texture pool size now 1000 MB
[2021.11.12-21.56.22:576][  3]LogSlate: Took 0.000237 seconds to synchronously load lazily loaded font '../../../Engine/Content/Slate/Fonts/Roboto-Light.ttf' (167K)
[2021.11.12-21.56.23:969][ 85]LogEditorViewport: Clicking on Actor (LMB): Landscape (Landscape2)
[2021.11.12-22.08.14:885][842]LogSlate: Took 0.005610 seconds to synchronously load lazily loaded font '../../../Engine/Content/Slate/Fonts/Roboto-Italic.ttf' (157K)
[2021.11.12-22.09.30:056][357]LogEditorViewport: Clicking on Actor (LMB): Landscape (Landscape2)
[2021.11.12-22.11.11:071][869]LogUObjectHash: Compacting FUObjectHashTables data took   2.05ms
[2021.11.12-22.11.11:096][869]LogSlate: Window 'CS196_Project - Unreal Editor' being destroyed
